2004.03.13 00:05 B C:\IT\pasoshtm.exe <-- discod d:/ pasoshtm.exe
2004.03.13 00:05 B C:\IT\pasos.bat --> 44.153.0.1 d:/ pasos.bat
2004.03.13 00:59 B C:\IT\pasos.htm <-- discod d:/ pasos.htm
2004.03.13 01:02 B C:\IT\pasoshtm.exe <-- discod d:/ pasoshtm.exe
2004.03.13 01:05 B C:\IT\pasoshtm.exe <-- discod d:/ pasoshtm.exe
2004.03.13 01:05 B C:\IT\pasoshtm.exe <-- discod d:/ pasoshtm.exe
2004.03.13 01:08 B C:\IT\pasoshtm.exe --> 44.153.0.1 d:/ pasoshtm.exe
2004.03.13 01:09 B C:\IT\pasoshtm.exe <-- discod d:/ pasoshtm.exe
2004.03.13 01:10 B C:\IT\pasoshtm.exe <-- discod d:/ pasoshtm.exe
2004.03.13 01:12 B C:\IT\pasoshtm.exe <-- discod d:/ pasoshtm.exe
2004.03.13 01:16 B C:\IT\pasoshtm.exe <-- discod d:/ pasoshtm.exe
2004.03.13 01:17 B C:\IT\pasoshtm.exe <-- discod d:/ pasoshtm.exe
2004.03.13 01:17 B C:\IT\pasoshtm.exe <-- discod d:/ pasoshtm.exe
2004.03.13 01:18 B C:\IT\pasoshtm.exe <-- discod d:/ pasoshtm.exe
2004.03.13 01:30 B C:\IT\pasoshtm.exe <-- discod d:/ pasoshtm.exe
2004.03.13 01:32 B C:\IT\pasoshtm.exe <-- discod d:/ pasoshtm.exe
2004.03.13 01:34 B C:\IT\pasoshtm.exe <-- discod d:/ pasoshtm.exe
2004.03.13 01:40 B C:\IT\pasoshtm.exe <-- discod d:/ pasoshtm.exe
2004.03.13 17:35 B C:\IT\pasoshtm.exe <-- discod d:/ pasoshtm.exe
2004.03.13 17:38 B C:\IT\pasoshtm.exe <-- discod d:/ pasoshtm.exe
2004.03.14 04:04 B C:\IT\pasoshtm.exe <-- discod d:/pub pasoshtm.exe
2004.03.16 03:56 B C:\IT\pasos.bat --> 44.153.0.1 d:/ pasos.bat
2004.03.16 04:11 B C:\IT\pasos.bat <-- discod d:/ pasos.bat
2004.03.16 04:11 B C:\IT\pasoshtm.exe <-- discod d:/ pasoshtm.exe
2004.03.16 04:26 B C:\IT\pasos.bat <-- discod d:/ pasos.bat
2004.03.16 15:57 B C:\IT\pasoshtm.exe <-- discod d:/pub pasoshtm.exe
2004.03.16 16:05 B C:\IT\pasoshtm.exe <-- discod d:/pub pasoshtm.exe
2004.03.16 16:10 B C:\IT\pasoshtm.exe <-- discod d:/pub pasoshtm.exe
2004.03.16 16:23 B C:\IT\pasoshtm.exe <-- discod d:/pub pasoshtm.exe
2004.03.16 16:40 B C:\IT\pasoshtm.exe <-- discod d:/pub pasoshtm.exe
2004.03.16 16:55 B C:\IT\pasoshtm.exe <-- discod d:/pub pasoshtm.exe
2004.03.16 17:06 B C:\IT\pasoshtm.exe <-- discod d:/pub pasoshtm.exe
2004.03.16 17:06 B C:\IT\pasoshtm.bas <-- discod d:/pub pasoshtm.bas
2004.03.16 17:13 B C:\IT\pasoshtm.exe <-- discod d:/pub pasoshtm.exe
2004.03.16 17:13 B C:\IT\pasoshtm.bas <-- discod d:/pub pasoshtm.bas
2004.03.16 17:49 B C:\IT\pasoshtm.exe <-- discod d:/pub pasoshtm.exe
2004.03.16 17:49 B C:\IT\pasoshtm.bas <-- discod d:/pub pasoshtm.bas
2004.03.16 17:55 B C:\IT\pasoshtm.exe <-- discod d:/pub pasoshtm.exe
2004.03.16 17:55 B C:\IT\pasoshtm.bas <-- discod d:/pub pasoshtm.bas
2004.03.16 17:59 B C:\IT\pasoshtm.exe <-- discod d:/pub pasoshtm.exe
2004.03.16 17:59 B C:\IT\pasoshtm.bas <-- discod d:/pub pasoshtm.bas
2004.03.16 18:03 B C:\IT\pasoshtm.exe <-- discod d:/pub pasoshtm.exe
2004.03.16 18:03 B C:\IT\pasoshtm.bas <-- discod d:/pub pasoshtm.bas
2004.03.16 18:06 B C:\IT\pasoshtm.exe <-- discod d:/pub pasoshtm.exe
2004.03.16 18:06 B C:\IT\pasoshtm.bas <-- discod d:/pub pasoshtm.bas
2004.03.16 18:32 B C:\IT\pasoshtm.exe <-- discod d:/pub pasoshtm.exe
2004.03.16 18:32 B C:\IT\pasoshtm.bas <-- discod d:/pub pasoshtm.bas
2004.03.16 22:08 B C:\IT\pasoshtm.bas --> 44.153.0.1 d:/pub pasoshtm.bas
2004.03.16 23:25 B C:\IT\pasoshtm.bas <-- discod d:/pub pasoshtm.bas
2004.03.16 23:25 B C:\IT\pasoshtm.exe <-- discod d:/pub pasoshtm.exe
2004.03.16 23:36 B C:\IT\pasoshtm.exe <-- discod d:/pub pasoshtm.exe
2004.03.16 23:36 B C:\IT\pasoshtm.bas <-- discod d:/pub pasoshtm.bas
2004.03.17 01:12 B C:\IT\pasoshtm.exe <-- discod d:/pub pasoshtm.exe
2004.03.17 01:12 B C:\IT\pasoshtm.bas <-- discod d:/pub pasoshtm.bas
2004.03.17 12:11 B C:\IT\pasoshtm.exe <-- discod d:/pub pasoshtm.exe
2004.03.17 12:11 B C:\IT\pasoshtm.bas <-- discod d:/pub pasoshtm.bas
2004.03.17 12:48 B C:\IT\pasoshtm.bas --> 44.153.0.1 d:/pub pasoshtm.bas
2004.03.17 13:01 B C:\IT\pasoshtm.exe <-- discod d:/pub pasoshtm.exe
2004.03.17 13:01 B C:\IT\pasoshtm.bas <-- discod d:/pub pasoshtm.bas
2004.03.17 13:13 B C:\IT\pasoshtm.exe <-- discod d:/pub pasoshtm.exe
2004.03.17 13:13 B C:\IT\pasoshtm.bas <-- discod d:/pub pasoshtm.bas
2004.03.17 13:24 B C:\IT\pasoshtm.exe <-- discod d:/pub pasoshtm.exe
2004.03.17 13:24 B C:\IT\pasoshtm.bas <-- discod d:/pub pasoshtm.bas
2004.03.17 16:41 B C:\IT\pasoshtm.exe <-- discod d:/pub pasoshtm.exe
2004.03.17 16:41 B C:\IT\pasoshtm.bas <-- discod d:/pub pasoshtm.bas
2004.03.17 17:18 B C:\IT\pasoshtm.exe <-- discod d:/pub pasoshtm.exe
2004.03.17 17:18 B C:\IT\pasoshtm.bas <-- discod d:/pub pasoshtm.bas
2004.03.17 17:25 B C:\IT\pasoshtm.bas <-- discod d:/pub pasoshtm.bas
2004.03.17 17:25 B C:\IT\pasoshtm.exe <-- discod d:/pub pasoshtm.exe
2004.03.17 17:34 B C:\IT\pasoshtm.exe <-- discod d:/pub pasoshtm.exe
2004.03.17 17:34 B C:\IT\pasoshtm.bas <-- discod d:/pub pasoshtm.bas
2004.03.17 17:38 B C:\IT\pasoshtm.exe <-- discod d:/pub pasoshtm.exe
2004.03.17 17:38 B C:\IT\pasoshtm.bas <-- discod d:/pub pasoshtm.bas
2004.03.18 01:56 B C:\IT\pasoshtm.exe <-- discod d:/pub pasoshtm.exe
2004.03.18 02:49 B C:\IT\pasoshtm.exe <-- discod d:/pub pasoshtm.exe
2004.03.18 04:38 B C:\IT\pasoshtm.exe <-- discod d:/pub pasoshtm.exe
2004.03.18 04:53 B C:\IT\pasoshtm.exe <-- discod d:/pub pasoshtm.exe
2004.03.18 12:46 B C:\IT\pasos.txt --> 44.153.0.1 d:/pub pasos.txt
2004.03.18 15:42 B C:\IT\pasoshtm.exe <-- discod d:/pub pasoshtm.exe
2004.03.18 17:30 B C:\IT\pasoshtm.exe <-- discod d:/pub pasoshtm.exe
2004.03.18 17:30 B C:\IT\pasoshtm.bas <-- discod d:/pub pasoshtm.bas
2004.03.18 18:16 B C:\IT\pasoshtm.bas <-- discod d:/pub pasoshtm.bas
2004.03.18 18:16 B C:\IT\pasoshtm.exe <-- discod d:/pub pasoshtm.exe
2004.03.18 18:27 B C:\IT\pasoshtm.bas <-- discod d:/pub pasoshtm.bas
2004.03.18 18:27 B C:\IT\pasoshtm.exe <-- discod d:/pub pasoshtm.exe
2004.03.18 18:38 B C:\IT\pasoshtm.exe <-- discod d:/pub pasoshtm.exe
2004.03.18 18:38 B C:\IT\pasoshtm.bas <-- discod d:/pub pasoshtm.bas
2004.03.18 18:45 B C:\IT\pasoshtm.bas <-- discod d:/pub pasoshtm.bas
2004.03.18 18:45 B C:\IT\pasoshtm.exe <-- discod d:/pub pasoshtm.exe
2004.03.18 19:26 B C:\IT\pasoshtm.bas <-- discod d:/pub pasoshtm.bas
2004.03.18 19:26 B C:\IT\pasoshtm.exe <-- discod d:/pub pasoshtm.exe
2004.03.18 23:14 B C:\IT\pasoshtm.exe <-- discod d:/pub pasoshtm.exe
2004.03.18 23:14 B C:\IT\pasos.htm <-- discod d:/pub pasos.htm
2004.03.18 23:15 B C:\IT\pasoshtm.exe <-- discod d:/pub pasoshtm.exe
2004.03.18 23:15 B C:\IT\pasoshtm.bas <-- discod d:/pub pasoshtm.bas
2004.03.19 15:21 B C:\IT\pasoshtm.exe <-- discod d:/pub pasoshtm.exe
2004.03.19 15:21 B C:\IT\pasoshtm.bas <-- discod d:/pub pasoshtm.bas
2004.03.19 15:30 B C:\IT\pasoshtm.exe <-- discod d:/pub pasoshtm.exe
2004.03.19 15:30 B C:\IT\pasoshtm.bas <-- discod d:/pub pasoshtm.bas
2004.03.19 15:39 B C:\IT\pasoshtm.exe <-- discod d:/pub pasoshtm.exe
2004.03.19 15:39 B C:\IT\pasoshtm.bas <-- discod d:/pub pasoshtm.bas
2004.03.19 23:22 B C:\IT\pasoshtm.exe <-- discod d:/pub pasoshtm.exe
2004.03.19 23:22 B C:\IT\pasoshtm.bas <-- discod d:/pub pasoshtm.bas
2004.03.19 23:26 B C:\IT\pasoshtm.exe <-- discod d:/pub pasoshtm.exe
2004.03.19 23:26 B C:\IT\pasoshtm.bas <-- discod d:/pub pasoshtm.bas
2004.03.19 23:35 B C:\IT\pasoshtm.exe <-- discod d:/pub pasoshtm.exe
2004.03.19 23:35 B C:\IT\pasoshtm.bas <-- discod d:/pub pasoshtm.bas
2004.03.20 01:56 B C:\IT\pasoshtm.exe <-- discod d:/pub pasoshtm.exe
2004.03.20 01:56 B C:\IT\pasoshtm.bas <-- discod d:/pub pasoshtm.bas
2004.03.20 02:07 B C:\IT\pasoshtm.exe <-- discod d:/pub pasoshtm.exe
2004.03.20 02:07 B C:\IT\pasoshtm.bas <-- discod d:/pub pasoshtm.bas
2004.03.20 02:27 B C:\IT\pasoshtm.exe <-- discod d:/pub pasoshtm.exe
2004.03.20 02:27 B C:\IT\pasoshtm.bas <-- discod d:/pub pasoshtm.bas
2004.03.20 02:43 B C:\IT\pasoshtm.exe <-- discod d:/pub pasoshtm.exe
2004.03.20 02:43 B C:\IT\pasoshtm.bas <-- discod d:/pub pasoshtm.bas
2004.03.20 02:55 B C:\IT\pasoshtm.exe <-- discod d:/pub pasoshtm.exe
2004.03.20 02:55 B C:\IT\pasoshtm.bas <-- discod d:/pub pasoshtm.bas
2004.03.20 23:04 B C:\IT\pasoshtm.exe <-- discod d:/pub pasoshtm.exe
2004.03.20 23:07 B C:\IT\pasoshtm.exe <-- discod d:/pub pasoshtm.exe
2004.03.20 23:14 B C:\IT\pasoshtm.exe <-- discod d:/pub pasoshtm.exe
2004.03.20 23:18 B C:\IT\pasoshtm.exe <-- discod d:/pub pasoshtm.exe
2004.03.20 23:21 B C:\IT\pasoshtm.exe <-- discod d:/pub pasoshtm.exe
2004.03.20 23:23 B C:\IT\pasoshtm.exe <-- discod d:/pub pasoshtm.exe
2004.03.20 23:24 B C:\IT\pasoshtm.exe <-- discod d:/pub pasoshtm.exe
2004.03.20 23:26 B C:\IT\pasoshtm.exe <-- discod d:/pub pasoshtm.exe
2004.03.20 23:27 B C:\IT\pasoshtm.exe <-- discod d:/pub pasoshtm.exe
2004.03.20 23:29 B C:\IT\pasoshtm.exe <-- discod d:/pub pasoshtm.exe
2004.03.21 00:12 B C:\IT\pasoshtm.exe <-- discod d:/pub pasoshtm.exe
2004.03.21 00:14 B C:\IT\pasoshtm.exe <-- discod d:/pub pasoshtm.exe
2004.03.21 00:16 B C:\IT\pasoshtm.exe <-- discod d:/pub pasoshtm.exe
2004.03.21 00:50 B C:\IT\pasoshtm.exe <-- discod d:/pub pasoshtm.exe
2004.03.21 01:09 B C:\IT\pasoshtm.exe <-- discod d:/pub pasoshtm.exe
2004.03.21 01:16 B C:\IT\pasoshtm.exe <-- discod d:/pub pasoshtm.exe
2004.03.21 01:22 B C:\IT\pasoshtm.exe <-- discod d:/pub pasoshtm.exe
2004.03.21 01:26 B C:\IT\pasoshtm.exe <-- discod d:/pub pasoshtm.exe
2004.03.21 01:29 B C:\IT\pasoshtm.exe <-- discod d:/pub pasoshtm.exe
2004.03.21 01:33 B C:\IT\pasoshtm.exe <-- discod d:/pub pasoshtm.exe
2004.03.21 01:33 B C:\IT\pasoshtm.exe <-- discod d:/pub pasoshtm.exe
2004.03.21 01:36 B C:\IT\pasoshtm.exe <-- discod d:/pub pasoshtm.exe
2004.03.21 01:44 B C:\IT\pasoshtm.exe <-- discod d:/pub pasoshtm.exe
2004.03.21 01:48 B C:\IT\pasoshtm.exe <-- discod d:/pub pasoshtm.exe
2004.03.21 01:53 B C:\IT\pasoshtm.exe <-- discod d:/pub pasoshtm.exe
2004.03.21 01:56 B C:\IT\pasoshtm.exe <-- discod d:/pub pasoshtm.exe
2004.03.21 01:57 B C:\IT\pasoshtm.exe <-- discod d:/pub pasoshtm.exe
2004.03.21 02:05 B C:\IT\pasoshtm.exe <-- discod d:/pub pasoshtm.exe
2004.03.21 02:08 B C:\IT\pasoshtm.exe <-- discod d:/pub pasoshtm.exe
2004.03.21 02:09 B C:\IT\pasoshtm.exe <-- discod d:/pub pasoshtm.exe
2004.03.21 02:51 B C:\IT\pasoshtm.exe <-- discod d:/pub pasoshtm.exe
2004.03.21 02:52 B C:\IT\pasoshtm.exe <-- discod d:/pub pasoshtm.exe
2004.03.21 02:54 B C:\IT\pasoshtm.exe <-- discod d:/pub pasoshtm.exe
2004.03.21 02:55 B C:\IT\pasoshtm.exe <-- discod d:/pub pasoshtm.exe
2004.03.21 02:56 B C:\IT\pasoshtm.exe <-- discod d:/pub pasoshtm.exe
2004.03.21 02:58 B C:\IT\pasoshtm.exe <-- discod d:/pub pasoshtm.exe
2004.03.21 02:59 B C:\IT\pasoshtm.exe <-- discod d:/pub pasoshtm.exe
2004.03.21 03:01 B C:\IT\pasoshtm.exe <-- discod d:/pub pasoshtm.exe
2004.03.21 03:03 B C:\IT\pasoshtm.exe <-- discod d:/pub pasoshtm.exe
2004.03.21 03:04 B C:\IT\pasoshtm.exe <-- discod d:/pub pasoshtm.exe
2004.03.21 03:04 B C:\IT\pasoshtm.exe <-- discod d:/pub pasoshtm.exe
2004.03.21 03:06 B C:\IT\pasoshtm.exe <-- discod d:/pub pasoshtm.exe
2004.03.21 03:08 B C:\IT\pasoshtm.exe <-- discod d:/pub pasoshtm.exe
2004.03.21 03:08 B C:\IT\pasoshtm.exe <-- discod d:/pub pasoshtm.exe
2004.03.21 03:12 B C:\IT\pasoshtm.exe <-- discod d:/pub pasoshtm.exe
2004.03.21 03:20 B C:\IT\pasoshtm.exe <-- discod d:/pub pasoshtm.exe
2004.03.21 03:21 B C:\IT\pasoshtm.exe <-- discod d:/pub pasoshtm.exe
2004.03.21 03:25 B C:\IT\pasoshtm.exe <-- discod d:/pub pasoshtm.exe
2004.03.21 03:26 B C:\IT\pasoshtm.exe <-- discod d:/pub pasoshtm.exe
2004.03.21 03:29 B C:\IT\pasoshtm.exe <-- discod d:/pub pasoshtm.exe
2004.03.21 03:49 B C:\IT\pasoshtm.exe <-- discod d:/pub pasoshtm.exe
2004.03.21 03:52 B C:\IT\pasoshtm.exe <-- discod d:/pub pasoshtm.exe
2004.03.21 03:55 B C:\IT\pasoshtm.exe <-- discod d:/pub pasoshtm.exe
2004.03.21 15:31 B C:\IT\pasos.txt --> 44.153.0.1 d:/pub pasos.txt
2004.03.21 18:51 B C:\IT\pasoshtm.exe <-- discod d:/pub pasoshtm.exe
2004.03.21 19:13 B C:\IT\it.ini --> 44.153.0.1 d:/pub it.ini
2004.03.21 19:14 B C:\IT\pasoshtm.exe <-- discod d:/pub pasoshtm.exe
2004.03.21 19:15 B C:\IT\pasoshtm.exe <-- discod d:/pub pasoshtm.exe
2004.03.21 19:16 B C:\IT\pasoshtm.exe <-- discod d:/pub pasoshtm.exe
2004.03.21 20:58 B C:\IT\pasoshtm.exe <-- discod d:/pub pasoshtm.exe
2004.03.21 20:58 B C:\IT\pasoshtm.bas <-- discod d:/pub pasoshtm.bas
2004.03.21 23:07 B C:\IT\pasoshtm.exe <-- discod d:/pub pasoshtm.exe
2004.03.21 23:07 B C:\IT\pasoshtm.bas <-- discod d:/pub pasoshtm.bas
2004.03.22 16:33 B C:\IT\pasoshtm.exe <-- discod d:/pub pasoshtm.exe
2004.03.22 16:33 B C:\IT\pasoshtm.bas <-- discod d:/pub pasoshtm.bas
2004.03.22 18:44 B C:\IT\pasoshtm.exe --> 44.153.0.1 d:/pub pasoshtm.exe
2004.03.22 18:44 B C:\IT\pasoshtm.bas --> 44.153.0.1 d:/pub pasoshtm.bas
2004.03.22 18:55 B C:\IT\pasoshtm.exe <-- discod d:/pub pasoshtm.exe
2004.03.22 18:55 B C:\IT\pasoshtm.bas <-- discod d:/pub pasoshtm.bas
2004.03.22 19:40 B C:\IT\pasoshtm.exe <-- discod d:/pub pasoshtm.exe
2004.03.22 19:40 B C:\IT\pasoshtm.bas <-- discod d:/pub pasoshtm.bas
2004.03.22 22:15 B C:\IT\pasoshtm.exe <-- discod d:/pub pasoshtm.exe
2004.03.22 22:15 B C:\IT\pasoshtm.bas <-- discod d:/pub pasoshtm.bas
2004.03.22 22:47 B C:\IT\pasoshtm.exe <-- discod d:/pub pasoshtm.exe
2004.03.22 22:47 B C:\IT\pasoshtm.bas <-- discod d:/pub pasoshtm.bas
2004.03.23 01:34 B C:\IT\pasoshtm.bas --> 44.153.0.1 d:/pub pasoshtm.bas
2004.03.23 02:09 B C:\IT\pasoshtm.exe <-- discod d:/pub pasoshtm.exe
2004.03.23 02:13 B C:\IT\pasoshtm.exe <-- discod d:/pub pasoshtm.exe
2004.03.23 02:16 B C:\IT\pasoshtm.exe <-- discod d:/pub pasoshtm.exe
2004.03.23 02:21 B C:\IT\pasoshtm.exe <-- discod d:/pub pasoshtm.exe
2004.03.23 02:23 B C:\IT\pasoshtm.exe <-- discod d:/pub pasoshtm.exe
2004.03.23 06:00 B C:\IT\pasoshtm.exe <-- discod d:/pub pasoshtm.exe
2004.03.23 06:08 B C:\IT\pasoshtm.exe <-- discod d:/pub pasoshtm.exe
2004.03.23 15:39 B C:\IT\pasoshtm.exe <-- discod d:/pub pasoshtm.exe
2004.03.23 15:39 B C:\IT\pasoshtm.bas <-- discod d:/pub pasoshtm.bas
2004.03.23 21:04 B C:\IT\pasoshtm.exe <-- discod d:/pub pasoshtm.exe
2004.03.23 21:05 B C:\IT\pasoshtm.bas <-- discod d:/pub pasoshtm.bas
2004.03.23 22:43 B C:\IT\pasoshtm.exe <-- discod d:/pub pasoshtm.exe
2004.03.23 22:43 B C:\IT\pasoshtm.bas <-- discod d:/pub pasoshtm.bas
2004.03.24 01:44 B C:\IT\pasoshtm.exe <-- discod d:/pub pasoshtm.exe
2004.03.24 01:47 B C:\IT\pasoshtm.exe <-- discod d:/pub pasoshtm.exe
2004.03.24 01:49 B C:\IT\pasoshtm.exe <-- discod d:/pub pasoshtm.exe
2004.03.24 01:51 B C:\IT\pasoshtm.exe <-- discod d:/pub pasoshtm.exe
2004.03.24 02:21 B C:\IT\pasoshtm.exe <-- discod d:/pub pasoshtm.exe
2004.03.24 02:23 B C:\IT\pasoshtm.exe <-- discod d:/pub pasoshtm.exe
2004.03.24 02:27 B C:\IT\pasoshtm.exe <-- discod d:/pub pasoshtm.exe
2004.03.24 02:31 B C:\IT\pasoshtm.exe <-- discod d:/pub pasoshtm.exe
2004.03.24 02:33 B C:\IT\pasoshtm.exe <-- discod d:/pub pasoshtm.exe
2004.03.24 02:37 B C:\IT\pasoshtm.exe <-- discod d:/pub pasoshtm.exe
2004.03.24 02:40 B C:\IT\pasoshtm.exe <-- discod d:/pub pasoshtm.exe
2004.03.24 02:42 B C:\IT\pasoshtm.exe <-- discod d:/pub pasoshtm.exe
2004.03.24 02:44 B C:\IT\pasoshtm.exe <-- discod d:/pub pasoshtm.exe
2004.03.24 15:51 B C:\IT\pasoshtm.exe <-- discod d:/pub pasoshtm.exe
2004.03.24 15:51 B C:\IT\pasoshtm.bas <-- discod d:/pub pasoshtm.bas
2004.03.24 15:51 B C:\IT\pasoshtm.exe <-- discod d:/pub pasoshtm.exe
2004.03.24 15:51 B C:\IT\pasoshtm.bas <-- discod d:/pub pasoshtm.bas
2004.03.24 15:57 B C:\IT\pasoshtm.exe <-- discod d:/pub pasoshtm.exe
2004.03.24 15:57 B C:\IT\pasoshtm.bas <-- discod d:/pub pasoshtm.bas
2004.03.24 16:06 B C:\IT\pasoshtm.exe <-- discod d:/pub pasoshtm.exe
2004.03.24 16:06 B C:\IT\pasoshtm.bas <-- discod d:/pub pasoshtm.bas
2004.03.24 16:48 B C:\IT\pasoshtm.exe <-- discod d:/pub pasoshtm.exe
2004.03.24 16:48 B C:\IT\pasoshtm.bas <-- discod d:/pub pasoshtm.bas
2004.03.24 17:08 B C:\IT\pasoshtm.exe <-- discod d:/pub pasoshtm.exe
2004.03.24 17:08 B C:\IT\pasoshtm.bas <-- discod d:/pub pasoshtm.bas
2004.03.24 17:11 B C:\IT\pasoshtm.exe <-- discod d:/pub pasoshtm.exe
2004.03.24 17:11 B C:\IT\pasoshtm.bas <-- discod d:/pub pasoshtm.bas
2004.03.24 18:41 B C:\IT\pasoshtm.exe <-- discod d:/pub pasoshtm.exe
2004.03.24 18:41 B C:\IT\pasoshtm.bas <-- discod d:/pub pasoshtm.bas
2004.03.24 21:02 B C:\IT\pasoshtm.exe --> 44.153.0.1 d:/pub pasoshtm.exe
2004.03.24 21:02 B C:\IT\pasoshtm.bas --> 44.153.0.1 d:/pub pasoshtm.bas
2004.03.25 09:59 B C:\IT\pasos.txt --> 44.153.0.1 d:/pub pasos.txt
2004.03.21 11:52 B C:\IT\pasoshtm.exe <-- discod d:/pub pasoshtm.exe
2004.03.21 11:52 B C:\IT\pasoshtm.bas <-- discod d:/pub pasoshtm.bas
2004.03.25 21:16 B C:\IT\pasoshtm.exe <-- discod d:/pub pasoshtm.exe
2004.03.25 21:16 B C:\IT\pasoshtm.bas <-- discod d:/pub pasoshtm.bas
2004.03.25 21:27 B C:\IT\pasoshtm.exe <-- discod d:/pub pasoshtm.exe
2004.03.25 21:27 B C:\IT\pasoshtm.bas <-- discod d:/pub pasoshtm.bas
2004.03.25 21:31 B C:\IT\pasoshtm.exe <-- discod d:/pub pasoshtm.exe
2004.03.25 21:31 B C:\IT\pasoshtm.bas <-- discod d:/pub pasoshtm.bas
2004.03.25 21:39 B C:\IT\pasoshtm.exe <-- discod d:/pub pasoshtm.exe
2004.03.25 21:39 B C:\IT\pasoshtm.bas <-- discod d:/pub pasoshtm.bas
2004.03.25 21:41 B C:\IT\pasoshtm.exe <-- discod d:/pub pasoshtm.exe
2004.03.25 21:41 B C:\IT\pasoshtm.bas <-- discod d:/pub pasoshtm.bas
2004.03.25 21:47 B C:\IT\pasoshtm.exe <-- discod d:/pub pasoshtm.exe
2004.03.25 21:47 B C:\IT\pasoshtm.bas <-- discod d:/pub pasoshtm.bas
2004.03.25 21:55 B C:\IT\pasoshtm.exe <-- discod d:/pub pasoshtm.exe
2004.03.25 21:55 B C:\IT\pasoshtm.bas <-- discod d:/pub pasoshtm.bas
2004.03.25 22:00 B C:\IT\pasoshtm.exe <-- discod d:/pub pasoshtm.exe
2004.03.25 22:00 B C:\IT\pasoshtm.bas <-- discod d:/pub pasoshtm.bas
2004.03.25 22:03 B C:\IT\pasoshtm.exe <-- discod d:/pub pasoshtm.exe
2004.03.25 22:03 B C:\IT\pasoshtm.bas <-- discod d:/pub pasoshtm.bas
2004.03.25 22:04 B C:\IT\pasoshtm.exe <-- discod d:/pub pasoshtm.exe
2004.03.25 22:04 B C:\IT\pasoshtm.bas <-- discod d:/pub pasoshtm.bas
2004.03.25 22:12 B C:\IT\pasoshtm.exe <-- discod d:/pub pasoshtm.exe
2004.03.25 22:12 B C:\IT\pasoshtm.bas <-- discod d:/pub pasoshtm.bas
2004.03.25 22:15 B C:\IT\pasoshtm.exe <-- discod d:/pub pasoshtm.exe
2004.03.25 22:15 B C:\IT\pasoshtm.bas <-- discod d:/pub pasoshtm.bas
2004.03.26 11:15 B C:\IT\pasoshtm.exe <-- discod d:/pub pasoshtm.exe
2004.03.26 14:14 B C:\IT\pasos.txt --> 44.153.0.1 d:/pub pasos.txt
2004.03.26 14:20 B C:\IT\pasoshtm.exe <-- discod d:/pub pasoshtm.exe
2004.03.26 14:20 B C:\IT\pasoshtm.bas <-- discod d:/pub pasoshtm.bas
2004.03.26 14:23 B C:\IT\pasoshtm.exe <-- discod d:/pub pasoshtm.exe
2004.03.26 14:23 B C:\IT\pasoshtm.bas <-- discod d:/pub pasoshtm.bas
2004.03.26 15:36 B C:\IT\pasoshtm.exe <-- discod d:/pub pasoshtm.exe
2004.03.26 15:36 B C:\IT\pasoshtm.bas <-- discod d:/pub pasoshtm.bas
2004.03.26 17:40 B C:\IT\pasoshtm.exe <-- discod d:/pub pasoshtm.exe
2004.03.26 17:40 B C:\IT\pasoshtm.bas <-- discod d:/pub pasoshtm.bas
2004.03.26 22:33 B C:\IT\pasos.txt --> 44.153.0.1 d:/pub pasos.txt
2004.03.26 22:42 B C:\IT\pasoshtm.exe <-- discod d:/pub pasoshtm.exe
2004.03.26 22:42 B C:\IT\pasoshtm.bas <-- discod d:/pub pasoshtm.bas
2004.03.27 14:06 B C:\IT\pasoshtm.exe <-- discod d:/pub pasoshtm.exe
2004.03.27 14:06 B C:\IT\pasoshtm.bas <-- discod d:/pub pasoshtm.bas
2004.03.28 01:26 B C:\IT\pasoshtm.exe <-- discod d:/pub pasoshtm.exe
2004.03.28 01:26 B C:\IT\pasoshtm.bas <-- discod d:/pub pasoshtm.bas
2004.03.28 02:34 B C:\IT\pasoshtm.exe <-- discod d:/pub pasoshtm.exe
2004.03.28 02:34 B C:\IT\pasoshtm.bas <-- discod d:/pub pasoshtm.bas
2004.03.28 03:00 B C:\IT\pasoshtm.exe <-- discod d:/pub pasoshtm.exe
2004.03.28 03:00 B C:\IT\pasos.htm <-- discod d:/pub pasos.htm
2004.03.28 03:18 B C:\IT\pasoshtm.exe <-- discod d:/pub pasoshtm.exe
2004.03.28 03:18 B C:\IT\pasos.htm <-- discod d:/pub pasos.htm
2004.03.28 03:47 B C:\IT\pasoshtm.exe <-- discod d:/pub pasoshtm.exe
2004.03.28 03:47 B C:\IT\pasoshtm.bas <-- discod d:/pub pasoshtm.bas
2004.03.28 12:38 B C:\IT\pasoshtm.exe <-- discod d:/pub pasoshtm.exe
2004.03.28 12:38 B C:\IT\pasoshtm.bas <-- discod d:/pub pasoshtm.bas
2004.03.29 12:51 B C:\IT\pasoshtm.exe <-- discod d:/pub pasoshtm.exe
2004.03.29 12:51 B C:\IT\pasoshtm.bas <-- discod d:/pub pasoshtm.bas
2004.03.29 12:52 B C:\IT\pasoshtm.exe <-- discod d:/pub pasoshtm.exe
2004.03.29 12:52 B C:\IT\pasoshtm.bas <-- discod d:/pub pasoshtm.bas
2004.03.31 00:15 B C:\IT\pasoshtm.exe <-- discod d:/pub pasoshtm.exe
2004.03.31 00:15 B C:\IT\pasoshtm.bas <-- discod d:/pub pasoshtm.bas
2004.03.31 01:29 B C:\IT\pasoshtm.exe <-- discod d:/pub pasoshtm.exe
2004.03.31 01:29 B C:\IT\pasoshtm.bas <-- discod d:/pub pasoshtm.bas
2004.04.01 01:13 B C:\IT\pasos.txt --> 44.153.0.1 d:/pub pasos.txt
2004.04.01 01:19 B C:\IT\pasoshtm.exe <-- discod d:/pub pasoshtm.exe
2004.04.01 01:19 B C:\IT\pasoshtm.bas <-- discod d:/pub pasoshtm.bas
2004.04.01 01:25 B C:\IT\pasoshtm.exe <-- discod d:/pub pasoshtm.exe
2004.04.01 01:25 B C:\IT\pasoshtm.bas <-- discod d:/pub pasoshtm.bas
2004.04.01 01:33 B C:\IT\pasoshtm.exe <-- discod d:/pub pasoshtm.exe
2004.04.01 01:33 B C:\IT\pasoshtm.bas <-- discod d:/pub pasoshtm.bas
2004.04.01 02:01 B C:\IT\pasoshtm.exe <-- discod d:/pub pasoshtm.exe
2004.04.01 02:01 B C:\IT\pasoshtm.bas <-- discod d:/pub pasoshtm.bas
2004.04.01 02:15 B C:\IT\pasoshtm.exe <-- discod d:/pub pasoshtm.exe
2004.04.01 02:15 B C:\IT\pasoshtm.bas <-- discod d:/pub pasoshtm.bas
2004.04.01 11:49 B C:\IT\pasoshtm.exe <-- discod d:/pub pasoshtm.exe
2004.04.01 11:49 B C:\IT\pasoshtm.bas <-- discod d:/pub pasoshtm.bas
2004.04.01 12:47 B C:\IT\pasoshtm.exe <-- discod d:/pub pasoshtm.exe
2004.04.01 12:47 B C:\IT\pasoshtm.bas <-- discod d:/pub pasoshtm.bas
2004.04.04 18:18 B C:\IT\pasoshtm.exe <-- discod d:/pub pasoshtm.exe
2004.04.04 18:18 B C:\IT\pasoshtm.bas <-- discod d:/pub pasoshtm.bas
2004.04.04 18:20 B C:\IT\pasoshtm.exe <-- discod d:/pub pasoshtm.exe
2004.04.04 18:20 B C:\IT\pasoshtm.bas <-- discod d:/pub pasoshtm.bas
2004.04.04 18:23 B C:\IT\pasoshtm.exe <-- discod d:/pub pasoshtm.exe
2004.04.04 18:23 B C:\IT\pasoshtm.bas <-- discod d:/pub pasoshtm.bas
2004.04.05 01:52 B C:\IT\pasos.bat --> 44.153.0.1 d:/pub pasos.bat
2004.04.05 03:10 B C:\IT\cambzona.exe <-- discod d:/pub cambzona.exe
2004.04.05 03:10 B C:\IT\cambzona.bas <-- discod d:/pub cambzona.bas
2004.04.05 03:10 B C:\IT\pasoshtm.bas <-- discod d:/pub pasoshtm.bas
2004.04.05 03:10 B C:\IT\pasos.bat <-- discod d:/pub pasos.bat
2004.04.05 03:10 B C:\IT\pasoshtm.exe <-- discod d:/pub pasoshtm.exe
2004.04.05 03:15 B C:\IT\pasos.bat <-- discod d:/pub pasos.bat
2004.04.05 03:21 B C:\IT\pasoshtm.exe <-- discod d:/pub pasoshtm.exe
2004.04.05 03:21 B C:\IT\pasoshtm.bas <-- discod d:/pub pasoshtm.bas
2004.04.05 03:26 B C:\IT\pasos.bat <-- discod d:/pub pasos.bat
2004.04.05 03:28 B C:\IT\pasos.bat <-- discod d:/pub pasos.bat
2004.04.05 03:29 B C:\IT\pasos.bat <-- discod d:/pub pasos.bat
2004.04.05 03:44 B C:\IT\pasos.bat <-- discod d:/pub pasos.bat
2004.04.05 17:17 B C:\IT\paseshtm.exe <-- discod d:/pub paseshtm.exe
2004.04.05 17:17 B C:\IT\paseshtm.bas <-- discod d:/pub paseshtm.bas
2004.04.05 17:17 B C:\IT\pasos.bat --> 44.153.0.1 d:/pub pasos.bat
2004.04.05 17:24 B C:\IT\paseshtm.exe <-- discod d:/pub paseshtm.exe
2004.04.05 17:24 B C:\IT\paseshtm.bas <-- discod d:/pub paseshtm.bas
2004.04.05 17:25 B C:\IT\paseshtm.exe <-- discod d:/pub paseshtm.exe
2004.04.05 17:25 B C:\IT\paseshtm.bas <-- discod d:/pub paseshtm.bas
2004.04.05 17:28 B C:\IT\paseshtm.exe <-- discod d:/pub paseshtm.exe
2004.04.05 17:28 B C:\IT\paseshtm.bas <-- discod d:/pub paseshtm.bas
2004.04.05 17:31 B C:\IT\paseshtm.exe <-- discod d:/pub paseshtm.exe
2004.04.05 17:31 B C:\IT\paseshtm.bas <-- discod d:/pub paseshtm.bas
2004.04.05 17:34 B C:\IT\paseshtm.exe <-- discod d:/pub paseshtm.exe
2004.04.05 17:34 B C:\IT\paseshtm.bas <-- discod d:/pub paseshtm.bas
2004.04.05 17:36 B C:\IT\paseshtm.exe <-- discod d:/pub paseshtm.exe
2004.04.05 17:36 B C:\IT\paseshtm.bas <-- discod d:/pub paseshtm.bas
2004.04.05 17:42 B C:\IT\paseshtm.exe <-- discod d:/pub paseshtm.exe
2004.04.05 17:42 B C:\IT\paseshtm.bas <-- discod d:/pub paseshtm.bas
2004.04.05 17:47 B C:\IT\paseshtm.exe <-- discod d:/pub paseshtm.exe
2004.04.05 17:47 B C:\IT\paseshtm.bas <-- discod d:/pub paseshtm.bas
2004.04.05 17:49 B C:\IT\paseshtm.exe <-- discod d:/pub paseshtm.exe
2004.04.05 17:49 B C:\IT\paseshtm.bas <-- discod d:/pub paseshtm.bas
2004.04.05 17:51 B C:\IT\paseshtm.exe <-- discod d:/pub paseshtm.exe
2004.04.05 17:51 B C:\IT\paseshtm.bas <-- discod d:/pub paseshtm.bas
2004.04.05 17:53 B C:\IT\paseshtm.exe <-- discod d:/pub paseshtm.exe
2004.04.05 17:53 B C:\IT\paseshtm.bas <-- discod d:/pub paseshtm.bas
2004.04.05 17:55 B C:\IT\paseshtm.exe <-- discod d:/pub paseshtm.exe
2004.04.05 17:55 B C:\IT\paseshtm.bas <-- discod d:/pub paseshtm.bas
2004.04.05 20:46 B C:\IT\paseshtm.exe <-- discod d:/pub paseshtm.exe
2004.04.05 20:46 B C:\IT\paseshtm.bas <-- discod d:/pub paseshtm.bas
2004.04.05 20:47 B C:\IT\paseshtm.exe <-- discod d:/pub paseshtm.exe
2004.04.05 20:47 B C:\IT\paseshtm.bas <-- discod d:/pub paseshtm.bas
2004.04.05 20:49 B C:\IT\paseshtm.exe <-- discod d:/pub paseshtm.exe
2004.04.05 20:49 B C:\IT\paseshtm.bas <-- discod d:/pub paseshtm.bas
2004.04.05 21:02 B C:\IT\pasos.bat --> 44.153.0.1 d:/pub pasos.bat
2004.04.06 01:04 B C:\IT\paseshtm.exe <-- discod d:/pub paseshtm.exe
2004.04.06 01:04 B C:\IT\paseshtm.bas <-- discod d:/pub paseshtm.bas
2004.04.07 12:23 B C:\IT\pasos.bat <-- discod d:/pub pasos.bat
2004.04.07 00:27 B C:\IT\pasos.bat <-- discod d:/pub pasos.bat
2004.04.07 00:29 B C:\IT\pasos.bat <-- discod d:/pub pasos.bat
2004.04.08 13:08 B C:\IT\pasos.bat <-- discod d:/pub pasos.bat
2004.04.08 17:20 B C:\IT\pasos.txt --> 44.153.0.1 d:/pub pasos.txt
2004.04.11 11:54 B C:\IT\pasos.bat --> 44.153.0.1 d:/pub pasos.bat
2004.04.17 02:45 B C:\IT\pasoshtm.exe <-- discod d:/pub pasoshtm.exe
2004.04.17 02:45 B C:\IT\pasoshtm.bas <-- discod d:/pub pasoshtm.bas
2004.04.17 02:57 B C:\IT\pasoshtm.exe <-- discod d:/pub pasoshtm.exe
2004.04.17 02:57 B C:\IT\pasoshtm.bas <-- discod d:/pub pasoshtm.bas
2004.04.17 03:02 B C:\IT\pasoshtm.exe <-- discod d:/pub pasoshtm.exe
2004.04.17 03:02 B C:\IT\pasoshtm.bas <-- discod d:/pub pasoshtm.bas
2004.04.17 03:16 B C:\IT\pasoshtm.exe <-- discod d:/pub pasoshtm.exe
2004.04.17 03:16 B C:\IT\pasoshtm.bas <-- discod d:/pub pasoshtm.bas
2004.04.17 03:27 B C:\IT\pasos.bat <-- discod d:/pub pasos.bat
2004.04.17 04:28 B C:\IT\pasos.bat <-- discod d:/pub pasos.bat
2004.04.19 13:02 B C:\IT\pasoshtm.exe <-- discod d:/pub pasoshtm.exe
2004.04.19 13:02 B C:\IT\paseshtm.exe <-- discod d:/pub paseshtm.exe
2004.04.19 13:05 B C:\IT\pasoshtm.exe <-- discod d:/pub pasoshtm.exe
2004.04.19 13:11 B C:\IT\pasoshtm.exe <-- discod d:/pub pasoshtm.exe
2004.04.19 13:11 B C:\IT\paseshtm.exe <-- discod d:/pub paseshtm.exe
2004.04.19 13:16 B C:\IT\pasoshtm.exe <-- discod d:/pub pasoshtm.exe
2004.04.19 13:16 B C:\IT\paseshtm.exe <-- discod d:/pub paseshtm.exe
2004.04.19 13:18 B C:\IT\pasoshtm.exe <-- discod d:/pub pasoshtm.exe
2004.04.19 13:18 B C:\IT\paseshtm.exe <-- discod d:/pub paseshtm.exe
2004.04.19 13:25 B C:\IT\paseshtm.exe <-- discod d:/pub paseshtm.exe
2004.04.19 13:26 B C:\IT\paseshtm.exe <-- discod d:/pub paseshtm.exe
2004.04.19 13:26 B C:\IT\pasoshtm.exe <-- discod d:/pub pasoshtm.exe
2004.04.19 13:31 B C:\IT\pasoshtm.exe <-- discod d:/pub pasoshtm.exe
2004.04.19 13:31 B C:\IT\paseshtm.exe <-- discod d:/pub paseshtm.exe
2004.04.19 13:35 B C:\IT\pasoshtm.exe <-- discod d:/pub pasoshtm.exe
2004.04.19 13:35 B C:\IT\paseshtm.exe <-- discod d:/pub paseshtm.exe
2004.04.19 13:38 B C:\IT\pasoshtm.exe <-- discod d:/pub pasoshtm.exe
2004.04.19 13:38 B C:\IT\paseshtm.exe <-- discod d:/pub paseshtm.exe
2004.04.19 13:41 B C:\IT\pasoshtm.exe <-- discod d:/pub pasoshtm.exe
2004.04.19 13:41 B C:\IT\paseshtm.exe <-- discod d:/pub paseshtm.exe
2004.04.19 15:12 B C:\IT\pasoshtm.exe <-- discod d:/pub pasoshtm.exe
2004.04.19 15:12 B C:\IT\paseshtm.exe <-- discod d:/pub paseshtm.exe
2004.04.19 15:16 B C:\IT\pasoshtm.exe <-- discod d:/pub pasoshtm.exe
2004.04.19 15:16 B C:\IT\paseshtm.exe <-- discod d:/pub paseshtm.exe
2004.04.19 15:18 B C:\IT\pasoshtm.exe <-- discod d:/pub pasoshtm.exe
2004.04.19 15:18 B C:\IT\paseshtm.exe <-- discod d:/pub paseshtm.exe
2004.04.19 17:25 B C:\IT\pasoshtm.exe <-- discod d:/pub pasoshtm.exe
2004.04.19 17:25 B C:\IT\paseshtm.exe <-- discod d:/pub paseshtm.exe
2004.04.19 17:25 B C:\IT\paseshtm.bas <-- discod d:/pub paseshtm.bas
2004.04.19 17:25 B C:\IT\pasoshtm.bas <-- discod d:/pub pasoshtm.bas
2004.04.19 17:27 B C:\IT\pasoshtm.exe <-- discod d:/pub pasoshtm.exe
2004.04.19 17:27 B C:\IT\paseshtm.exe <-- discod d:/pub paseshtm.exe
2004.04.19 17:27 B C:\IT\paseshtm.bas <-- discod d:/pub paseshtm.bas
2004.04.19 17:27 B C:\IT\pasoshtm.bas <-- discod d:/pub pasoshtm.bas
2004.04.20 12:10 B C:\IT\pasoshtm.exe <-- discod d:/pub pasoshtm.exe
2004.04.20 12:10 B C:\IT\pasoshtm.bas <-- discod d:/pub pasoshtm.bas
2004.04.20 00:26 B C:\IT\pasoshtm.exe <-- discod d:/pub pasoshtm.exe
2004.04.20 00:26 B C:\IT\pasoshtm.bas <-- discod d:/pub pasoshtm.bas
2004.04.25 11:32 B C:\IT\pasoshtm.exe <-- discod d:/pub pasoshtm.exe
2004.04.25 11:32 B C:\IT\paseshtm.exe <-- discod d:/pub paseshtm.exe
2004.04.25 11:32 B C:\IT\pasoshtm.bas <-- discod d:/pub pasoshtm.bas
2004.04.25 11:32 B C:\IT\paseshtm.bas <-- discod d:/pub paseshtm.bas
2004.04.26 01:01 B C:\IT\pasos.bat <-- discod d:/pub pasos.bat
2004.04.26 01:45 B C:\IT\pasos.bat <-- discod d:/pub pasos.bat
2004.05.01 01:00 B C:\IT\pasos.txt --> 44.153.0.1 d:/pub pasos.txt
2004.05.17 17:56 B C:\IT\pasoshtm.exe <-- discod d:/pub pasoshtm.exe
2004.05.17 17:56 B C:\IT\pasoshtm.bas <-- discod d:/pub pasoshtm.bas
2004.05.19 19:30 B C:\IT\pasoshtm.exe <-- discod d:/pub pasoshtm.exe
2004.05.19 19:30 B C:\IT\pasoshtm.bas <-- discod d:/pub pasoshtm.bas
2004.06.04 02:21 B C:\IT\pasoshtm.exe <-- discod d:/pub pasoshtm.exe
2004.06.04 02:21 B C:\IT\paseshtm.exe <-- discod d:/pub paseshtm.exe
2004.06.04 02:21 B C:\IT\paseshtm.bas <-- discod d:/pub paseshtm.bas
2004.06.04 02:21 B C:\IT\pasoshtm.bas <-- discod d:/pub pasoshtm.bas
2004.06.07 12:59 B C:\IT\pasoshtm.exe <-- discod d:/pub pasoshtm.exe
2004.06.07 12:59 B C:\IT\pasoshtm.bas <-- discod d:/pub pasoshtm.bas
2004.06.29 19:34 B C:\IT\nasa.all --> 69.0.194.11 /www/text nasa.all
2004.08.07 10:02 B C:\IT\pasoshtm.exe <-- discod d:/pub pasoshtm.exe
2004.08.07 10:02 B C:\IT\pasoshtm.bas <-- discod d:/pub pasoshtm.bas
2004.08.07 10:02 B C:\IT\paseshtm.exe <-- discod d:/pub paseshtm.exe
2004.08.07 10:02 B C:\IT\paseshtm.bas <-- discod d:/pub paseshtm.bas
2004.08.07 10:24 B C:\IT\pasoshtm.exe <-- discod d:/pub pasoshtm.exe
2004.08.07 10:24 B C:\IT\paseshtm.exe <-- discod d:/pub paseshtm.exe
2004.08.07 10:24 B C:\IT\paseshtm.bas <-- discod d:/pub paseshtm.bas
2004.08.07 10:24 B C:\IT\pasoshtm.bas <-- discod d:/pub pasoshtm.bas
2004.08.07 10:29 B C:\IT\pasoshtm.exe <-- discod d:/pub pasoshtm.exe
2004.08.07 10:29 B C:\IT\paseshtm.exe <-- discod d:/pub paseshtm.exe
2004.08.07 10:29 B C:\IT\pasoshtm.bas <-- discod d:/pub pasoshtm.bas
2004.08.07 10:29 B C:\IT\paseshtm.bas <-- discod d:/pub paseshtm.bas
2004.08.07 10:36 B C:\IT\pasoshtm.exe <-- discod d:/pub pasoshtm.exe
2004.08.07 10:36 B C:\IT\paseshtm.exe <-- discod d:/pub paseshtm.exe
2004.08.07 10:36 B C:\IT\pasoshtm.bas <-- discod d:/pub pasoshtm.bas
2004.08.07 10:36 B C:\IT\paseshtm.bas <-- discod d:/pub paseshtm.bas
2004.08.07 10:42 B C:\IT\pasoshtm.exe <-- discod d:/pub pasoshtm.exe
2004.08.07 10:42 B C:\IT\pasoshtm.bas <-- discod d:/pub pasoshtm.bas
2004.08.07 10:42 B C:\IT\paseshtm.exe <-- discod d:/pub paseshtm.exe
2004.08.07 10:42 B C:\IT\paseshtm.bas <-- discod d:/pub paseshtm.bas
2004.08.07 10:54 B C:\IT\pasoshtm.exe <-- discod d:/pub pasoshtm.exe
2004.08.07 10:54 B C:\IT\paseshtm.exe <-- discod d:/pub paseshtm.exe
2004.08.07 10:54 B C:\IT\paseshtm.bas <-- discod d:/pub paseshtm.bas
2004.08.07 10:54 B C:\IT\pasoshtm.bas <-- discod d:/pub pasoshtm.bas
2004.08.07 07:16 B C:\IT\pasoshtm.exe <-- discod d:/pub pasoshtm.exe
2004.08.07 07:16 B C:\IT\pasoshtm.bas <-- discod d:/pub pasoshtm.bas
2004.08.07 11:20 B C:\IT\pasoshtm.exe <-- discod d:/pub pasoshtm.exe
2004.08.07 11:20 B C:\IT\pasoshtm.bas <-- discod d:/pub pasoshtm.bas
2004.08.07 11:24 B C:\IT\pasoshtm.exe <-- discod d:/pub pasoshtm.exe
2004.08.07 11:24 B C:\IT\pasoshtm.bas <-- discod d:/pub pasoshtm.bas
2004.08.07 11:31 B C:\IT\pasoshtm.exe <-- discod d:/pub pasoshtm.exe
2004.08.07 11:31 B C:\IT\pasoshtm.bas <-- discod d:/pub pasoshtm.bas
2004.08.07 11:36 B C:\IT\pasoshtm.exe <-- discod d:/pub pasoshtm.exe
2004.08.07 11:36 B C:\IT\pasoshtm.bas <-- discod d:/pub pasoshtm.bas
2004.08.07 11:41 B C:\IT\pasoshtm.exe <-- discod d:/pub pasoshtm.exe
2004.08.07 11:41 B C:\IT\paseshtm.exe <-- discod d:/pub paseshtm.exe
2004.08.07 11:41 B C:\IT\paseshtm.bas <-- discod d:/pub paseshtm.bas
2004.08.07 11:41 B C:\IT\pasoshtm.bas <-- discod d:/pub pasoshtm.bas
2004.08.07 08:06 B C:\IT\pasoshtm.exe <-- discod d:/pub pasoshtm.exe
2004.08.07 08:06 B C:\IT\pasoshtm.bas <-- discod d:/pub pasoshtm.bas
2004.08.07 12:15 B C:\IT\pasoshtm.exe <-- discod d:/pub pasoshtm.exe
2004.08.07 12:15 B C:\IT\pasoshtm.bas <-- discod d:/pub pasoshtm.bas
2004.08.07 12:26 B C:\IT\pasoshtm.exe <-- discod d:/pub pasoshtm.exe
2004.08.07 12:26 B C:\IT\pasoshtm.bas <-- discod d:/pub pasoshtm.bas
2004.08.16 15:00 B C:\IT\paseshtm.exe <-- discod d:/pub paseshtm.exe
2004.08.16 15:00 B C:\IT\paseshtm.bas <-- discod d:/pub paseshtm.bas
2004.08.16 15:00 B C:\IT\pasoshtm.exe <-- discod d:/pub pasoshtm.exe
2004.08.16 15:00 B C:\IT\pasoshtm.bas <-- discod d:/pub pasoshtm.bas
2004.08.29 20:16 B C:\IT\paseshtm.exe <-- discod d:/pub paseshtm.exe
2004.08.29 20:16 B C:\IT\pasoshtm.exe <-- discod d:/pub pasoshtm.exe
2004.08.29 20:16 B C:\IT\pasoshtm.bas <-- discod d:/pub pasoshtm.bas
2004.08.29 20:16 B C:\IT\paseshtm.bas <-- discod d:/pub paseshtm.bas
2004.08.29 20:24 B C:\IT\pasoshtm.exe <-- discod d:/pub pasoshtm.exe
2004.08.29 20:24 B C:\IT\pasoshtm.bas <-- discod d:/pub pasoshtm.bas
2004.08.29 20:24 B C:\IT\paseshtm.exe <-- discod d:/pub paseshtm.exe
2004.08.29 20:24 B C:\IT\paseshtm.bas <-- discod d:/pub paseshtm.bas
2004.08.29 20:29 B C:\IT\pasoshtm.exe <-- discod d:/pub pasoshtm.exe
2004.08.29 20:29 B C:\IT\paseshtm.exe <-- discod d:/pub paseshtm.exe
2004.08.29 20:29 B C:\IT\pasoshtm.bas <-- discod d:/pub pasoshtm.bas
2004.08.29 20:29 B C:\IT\paseshtm.bas <-- discod d:/pub paseshtm.bas
2004.09.01 13:21 B C:\IT\pasoshtm.exe <-- discod d:/pub pasoshtm.exe
2004.09.01 13:21 B C:\IT\paseshtm.exe <-- discod d:/pub paseshtm.exe
2004.09.01 13:21 B C:\IT\pasoshtm.bas <-- discod d:/pub pasoshtm.bas
2004.09.01 13:21 B C:\IT\paseshtm.bas <-- discod d:/pub paseshtm.bas
2004.09.07 12:50 B C:\IT\nasa.all --> 69.0.194.11 /www/text nasa.all
2004.09.07 12:52 B C:\IT\nasa.all --> 69.0.194.11 /www/text nasa.all
2004.09.07 12:52 B C:\IT\nasa.all --> 69.0.194.11 /www/text nasa.all
2004.09.07 13:00 B C:\IT\nasa.all --> 69.0.194.11 /www/text nasa.all
2005.05.07 00:12 B C:\IT\pasoshtm.exe <-- discod d:/pub pasoshtm.exe
2005.05.07 00:12 B C:\IT\pasoshtm.bas <-- discod d:/pub pasoshtm.bas
2005.05.07 00:12 B C:\IT\paseshtm.exe <-- discod d:/pub paseshtm.exe
2005.05.07 00:12 B C:\IT\paseshtm.bas <-- discod d:/pub paseshtm.bas
2005.05.07 00:18 B C:\IT\pasoshtm.exe <-- discod d:/pub pasoshtm.exe
2005.05.07 00:18 B C:\IT\paseshtm.exe <-- discod d:/pub paseshtm.exe
2005.05.07 00:18 B C:\IT\paseshtm.bas <-- discod d:/pub paseshtm.bas
2005.05.07 00:18 B C:\IT\pasoshtm.bas <-- discod d:/pub pasoshtm.bas
2005.05.07 00:30 B C:\IT\paseshtm.exe <-- discod d:/pub paseshtm.exe
2005.05.07 00:30 B C:\IT\pasoshtm.exe <-- discod d:/pub pasoshtm.exe
2005.05.07 00:30 B C:\IT\pasoshtm.bas <-- discod d:/pub pasoshtm.bas
2005.05.07 00:30 B C:\IT\paseshtm.bas <-- discod d:/pub paseshtm.bas
2005.07.02 01:45 B C:\IT\pasoshtm.exe <-- discod d:/pub pasoshtm.exe
2005.07.02 01:45 B C:\IT\pasoshtm.bas <-- discod d:/pub pasoshtm.bas
2005.07.02 01:45 B C:\IT\paseshtm.exe <-- discod d:/pub paseshtm.exe
2005.07.02 01:45 B C:\IT\paseshtm.bas <-- discod d:/pub paseshtm.bas
2005.07.02 01:45 B C:\IT\pasoshtm.exe <-- discod d:/pub pasoshtm.exe
2005.07.02 01:45 B C:\IT\pasoshtm.bas <-- discod d:/pub pasoshtm.bas
2005.07.02 01:45 B C:\IT\paseshtm.exe <-- discod d:/pub paseshtm.exe
2005.07.02 01:45 B C:\IT\paseshtm.bas <-- discod d:/pub paseshtm.bas
2005.07.02 02:22 B C:\IT\pasoshtm.exe <-- discod d:/pub pasoshtm.exe
2005.07.02 02:22 B C:\IT\paseshtm.exe <-- discod d:/pub paseshtm.exe
2005.07.02 02:22 B C:\IT\paseshtm.bas <-- discod d:/pub paseshtm.bas
2005.07.02 02:22 B C:\IT\pasoshtm.bas <-- discod d:/pub pasoshtm.bas
2005.07.02 02:32 B C:\IT\pasoshtm.exe <-- discod d:/pub pasoshtm.exe
2005.07.02 02:32 B C:\IT\pasoshtm.bas <-- discod d:/pub pasoshtm.bas
2005.07.02 02:32 B C:\IT\paseshtm.exe <-- discod d:/pub paseshtm.exe
2005.07.02 02:32 B C:\IT\paseshtm.bas <-- discod d:/pub paseshtm.bas
2005.08.04 15:17 B C:\IT\pasoshtm.exe <-- discod d:/pub pasoshtm.exe
2005.08.04 15:17 B C:\IT\pasoshtm.bas <-- discod d:/pub pasoshtm.bas
2005.08.04 15:17 B C:\IT\paseshtm.exe <-- discod d:/pub paseshtm.exe
2005.08.04 15:17 B C:\IT\paseshtm.bas <-- discod d:/pub paseshtm.bas
2005.08.04 15:28 B C:\IT\pasoshtm.exe <-- discod d:/pub pasoshtm.exe
2005.08.04 15:28 B C:\IT\pasoshtm.bas <-- discod d:/pub pasoshtm.bas
2005.08.04 15:28 B C:\IT\paseshtm.exe <-- discod d:/pub paseshtm.exe
2005.08.04 15:28 B C:\IT\paseshtm.bas <-- discod d:/pub paseshtm.bas
2005.08.04 15:35 B C:\IT\pasoshtm.exe <-- discod d:/pub pasoshtm.exe
2005.08.04 15:35 B C:\IT\pasoshtm.bas <-- discod d:/pub pasoshtm.bas
2005.08.04 15:35 B C:\IT\paseshtm.exe <-- discod d:/pub paseshtm.exe
2005.08.04 15:35 B C:\IT\paseshtm.bas <-- discod d:/pub paseshtm.bas
2005.08.04 15:40 B C:\IT\pasoshtm.exe <-- discod d:/pub pasoshtm.exe
2005.08.04 15:40 B C:\IT\pasoshtm.bas <-- discod d:/pub pasoshtm.bas
2005.08.04 15:40 B C:\IT\paseshtm.exe <-- discod d:/pub paseshtm.exe
2005.08.04 15:40 B C:\IT\paseshtm.bas <-- discod d:/pub paseshtm.bas
2005.08.04 15:48 B C:\IT\pasoshtm.exe <-- discod d:/pub pasoshtm.exe
2005.08.04 15:48 B C:\IT\pasoshtm.bas <-- discod d:/pub pasoshtm.bas
2005.08.04 15:48 B C:\IT\paseshtm.exe <-- discod d:/pub paseshtm.exe
2005.08.04 15:48 B C:\IT\paseshtm.bas <-- discod d:/pub paseshtm.bas
2005.08.04 15:52 B C:\IT\pasoshtm.exe <-- discod d:/pub pasoshtm.exe
2005.08.04 15:52 B C:\IT\pasoshtm.bas <-- discod d:/pub pasoshtm.bas
2005.08.04 15:52 B C:\IT\paseshtm.exe <-- discod d:/pub paseshtm.exe
2005.08.04 15:52 B C:\IT\paseshtm.bas <-- discod d:/pub paseshtm.bas
2005.08.04 15:55 B C:\IT\pasoshtm.exe <-- discod d:/pub pasoshtm.exe
2005.08.04 15:55 B C:\IT\pasoshtm.bas <-- discod d:/pub pasoshtm.bas
2005.08.04 15:55 B C:\IT\paseshtm.exe <-- discod d:/pub paseshtm.exe
2005.08.04 15:55 B C:\IT\paseshtm.bas <-- discod d:/pub paseshtm.bas
2005.08.04 15:57 B C:\IT\pasoshtm.exe <-- discod d:/pub pasoshtm.exe
2005.08.04 15:57 B C:\IT\pasoshtm.bas <-- discod d:/pub pasoshtm.bas
2005.08.04 15:57 B C:\IT\paseshtm.exe <-- discod d:/pub paseshtm.exe
2005.08.04 15:57 B C:\IT\paseshtm.bas <-- discod d:/pub paseshtm.bas
2005.08.04 16:06 B C:\IT\pasoshtm.exe <-- discod d:/pub pasoshtm.exe
2005.08.04 16:06 B C:\IT\pasoshtm.bas <-- discod d:/pub pasoshtm.bas
2005.08.04 16:06 B C:\IT\paseshtm.exe <-- discod d:/pub paseshtm.exe
2005.08.04 16:06 B C:\IT\paseshtm.bas <-- discod d:/pub paseshtm.bas
2005.08.04 16:14 B C:\IT\pasoshtm.exe <-- discod d:/pub pasoshtm.exe
2005.08.04 16:15 B C:\IT\pasoshtm.bas <-- discod d:/pub pasoshtm.bas
2005.08.04 16:15 B C:\IT\paseshtm.exe <-- discod d:/pub paseshtm.exe
2005.08.04 16:15 B C:\IT\paseshtm.bas <-- discod d:/pub paseshtm.bas
2005.08.04 16:18 B C:\IT\pasoshtm.exe <-- discod d:/pub pasoshtm.exe
2005.08.04 16:18 B C:\IT\pasoshtm.bas <-- discod d:/pub pasoshtm.bas
2005.08.04 16:18 B C:\IT\paseshtm.exe <-- discod d:/pub paseshtm.exe
2005.08.04 16:18 B C:\IT\paseshtm.bas <-- discod d:/pub paseshtm.bas
2005.08.04 16:25 B C:\IT\pasoshtm.exe <-- discod d:/pub pasoshtm.exe
2005.08.04 16:25 B C:\IT\pasoshtm.bas <-- discod d:/pub pasoshtm.bas
2005.08.04 16:25 B C:\IT\paseshtm.exe <-- discod d:/pub paseshtm.exe
2005.08.04 16:25 B C:\IT\paseshtm.bas <-- discod d:/pub paseshtm.bas
2005.08.04 16:35 B C:\IT\pasoshtm.exe <-- discod d:/pub pasoshtm.exe
2005.08.04 16:35 B C:\IT\pasoshtm.bas <-- discod d:/pub pasoshtm.bas
2005.08.04 16:35 B C:\IT\paseshtm.exe <-- discod d:/pub paseshtm.exe
2005.08.04 16:35 B C:\IT\paseshtm.bas <-- discod d:/pub paseshtm.bas
2005.08.04 16:41 B C:\IT\pasoshtm.exe <-- discod d:/pub pasoshtm.exe
2005.08.04 16:41 B C:\IT\pasoshtm.bas <-- discod d:/pub pasoshtm.bas
2005.08.04 16:41 B C:\IT\paseshtm.exe <-- discod d:/pub paseshtm.exe
2005.08.04 16:41 B C:\IT\paseshtm.bas <-- discod d:/pub paseshtm.bas
2005.08.04 16:49 B C:\IT\pasoshtm.exe <-- discod d:/pub pasoshtm.exe
2005.08.04 16:49 B C:\IT\pasoshtm.bas <-- discod d:/pub pasoshtm.bas
2005.08.04 16:49 B C:\IT\paseshtm.exe <-- discod d:/pub paseshtm.exe
2005.08.04 16:49 B C:\IT\paseshtm.bas <-- discod d:/pub paseshtm.bas
2005.08.04 16:52 B C:\IT\pasoshtm.exe <-- discod d:/pub pasoshtm.exe
2005.08.04 16:52 B C:\IT\pasoshtm.bas <-- discod d:/pub pasoshtm.bas
2005.08.04 16:52 B C:\IT\paseshtm.exe <-- discod d:/pub paseshtm.exe
2005.08.04 16:52 B C:\IT\paseshtm.bas <-- discod d:/pub paseshtm.bas
2005.08.09 12:02 B C:\IT\pasoshtm.exe <-- discod d:/pub pasoshtm.exe
2005.08.09 12:02 B C:\IT\pasoshtm.bas <-- discod d:/pub pasoshtm.bas
2005.08.09 12:02 B C:\IT\paseshtm.exe <-- discod d:/pub paseshtm.exe
2005.08.09 12:02 B C:\IT\paseshtm.bas <-- discod d:/pub paseshtm.bas
2005.08.09 12:10 B C:\IT\pasoshtm.exe <-- discod d:/pub pasoshtm.exe
2005.08.09 12:10 B C:\IT\pasoshtm.bas <-- discod d:/pub pasoshtm.bas
2005.08.09 12:10 B C:\IT\paseshtm.exe <-- discod d:/pub paseshtm.exe
2005.08.09 12:10 B C:\IT\paseshtm.bas <-- discod d:/pub paseshtm.bas
2005.08.09 12:18 B C:\IT\pasoshtm.exe <-- discod d:/pub pasoshtm.exe
2005.08.09 12:18 B C:\IT\pasoshtm.bas <-- discod d:/pub pasoshtm.bas
2005.08.09 12:18 B C:\IT\paseshtm.exe <-- discod d:/pub paseshtm.exe
2005.08.09 12:18 B C:\IT\paseshtm.bas <-- discod d:/pub paseshtm.bas
2005.11.27 12:56 B C:\IT\pasoshtm.exe <-- discod d:/pub pasoshtm.exe
2005.11.27 12:56 B C:\IT\pasoshtm.bas <-- discod d:/pub pasoshtm.bas
2005.11.27 12:56 B C:\IT\paseshtm.exe <-- discod d:/pub paseshtm.exe
2005.11.27 12:56 B C:\IT\paseshtm.bas <-- discod d:/pub paseshtm.bas
2006.10.01 19:03 B C:\IT\pasoshtm.exe <-- discod d:/pub pasoshtm.exe
2006.10.01 19:03 B C:\IT\pasoshtm.bas <-- discod d:/pub pasoshtm.bas
2006.10.01 19:03 B C:\IT\paseshtm.exe <-- discod d:/pub paseshtm.exe
2006.10.01 19:03 B C:\IT\paseshtm.bas <-- discod d:/pub paseshtm.bas
2006.10.01 19:28 B C:\IT\pasoshtm.exe <-- discod d:/pub pasoshtm.exe
2006.10.01 19:28 B C:\IT\paseshtm.exe <-- discod d:/pub paseshtm.exe
2006.10.01 19:28 B C:\IT\pasoshtm.bas <-- discod d:/pub pasoshtm.bas
2006.10.01 19:28 B C:\IT\paseshtm.bas <-- discod d:/pub paseshtm.bas
2006.10.01 19:40 B C:\IT\pasoshtm.exe <-- discod d:/pub pasoshtm.exe
2006.10.01 19:40 B C:\IT\paseshtm.exe <-- discod d:/pub paseshtm.exe
2006.10.01 19:40 B C:\IT\paseshtm.bas <-- discod d:/pub paseshtm.bas
2006.10.01 19:40 B C:\IT\pasoshtm.bas <-- discod d:/pub pasoshtm.bas
2006.10.01 20:07 B C:\IT\pasoshtm.exe <-- discod d:/pub pasoshtm.exe
2006.10.01 20:07 B C:\IT\pasoshtm.bas <-- discod d:/pub pasoshtm.bas
2006.10.01 20:07 B C:\IT\paseshtm.exe <-- discod d:/pub paseshtm.exe
2006.10.01 20:07 B C:\IT\paseshtm.bas <-- discod d:/pub paseshtm.bas
2006.10.08 12:13 B C:\IT\pasoshtm.exe <-- discod d:/pub pasoshtm.exe
2006.10.08 12:13 B C:\IT\pasoshtm.bas <-- discod d:/pub pasoshtm.bas
2006.10.08 12:13 B C:\IT\paseshtm.exe <-- discod d:/pub paseshtm.exe
2006.10.08 12:13 B C:\IT\paseshtm.bas <-- discod d:/pub paseshtm.bas
2006.10.08 19:17 B C:\IT\pasoshtm.exe <-- discod d:/pub pasoshtm.exe
2006.10.08 19:17 B C:\IT\pasoshtm.bas <-- discod d:/pub pasoshtm.bas
2006.10.08 19:17 B C:\IT\paseshtm.exe <-- discod d:/pub paseshtm.exe
2006.10.08 19:17 B C:\IT\paseshtm.bas <-- discod d:/pub paseshtm.bas
2006.10.08 16:51 B C:\IT\pasoshtm.exe <-- discod d:/pub pasoshtm.exe
2006.10.08 16:51 B C:\IT\pasoshtm.bas <-- discod d:/pub pasoshtm.bas
2006.10.08 16:51 B C:\IT\paseshtm.exe <-- discod d:/pub paseshtm.exe
2006.10.08 16:51 B C:\IT\paseshtm.bas <-- discod d:/pub paseshtm.bas
2006.10.08 17:01 B C:\IT\pasoshtm.exe <-- discod d:/pub pasoshtm.exe
2006.10.08 17:01 B C:\IT\pasoshtm.bas <-- discod d:/pub pasoshtm.bas
2006.10.08 17:01 B C:\IT\paseshtm.exe <-- discod d:/pub paseshtm.exe
2006.10.08 17:01 B C:\IT\paseshtm.bas <-- discod d:/pub paseshtm.bas
2006.10.20 17:13 B C:\IT\pasoshtm.exe <-- discod d:/pub pasoshtm.exe
2006.10.20 17:13 B C:\IT\pasoshtm.bas <-- discod d:/pub pasoshtm.bas
2006.10.20 17:13 B C:\IT\paseshtm.exe <-- discod d:/pub paseshtm.exe
2006.10.20 17:13 B C:\IT\paseshtm.bas <-- discod d:/pub paseshtm.bas
2006.10.28 04:10 B C:\IT\paseshtm.exe <-- discod d:/pub paseshtm.exe
2006.10.28 04:10 B C:\IT\pasoshtm.exe <-- discod d:/pub pasoshtm.exe
2006.10.28 04:10 B C:\IT\pasoshtm.bas <-- discod d:/pub pasoshtm.bas
2006.10.28 04:10 B C:\IT\paseshtm.bas <-- discod d:/pub paseshtm.bas
2006.10.30 18:51 B C:\IT\pasoshtm.exe <-- discod d:/pub pasoshtm.exe
2006.10.30 18:52 B C:\IT\pasoshtm.bas <-- discod d:/pub pasoshtm.bas
2006.10.30 18:59 B C:\IT\pasoshtm.exe <-- discod d:/pub pasoshtm.exe
2006.10.30 18:59 B C:\IT\paseshtm.exe <-- discod d:/pub paseshtm.exe
2006.10.30 19:00 B C:\IT\pasoshtm.bas <-- discod d:/pub pasoshtm.bas
2006.10.30 19:00 B C:\IT\paseshtm.bas <-- discod d:/pub paseshtm.bas
2006.11.01 18:55 B C:\IT\pasoshtm.exe <-- discod d:/pub pasoshtm.exe
2006.11.01 18:55 B C:\IT\paseshtm.exe <-- discod d:/pub paseshtm.exe
2006.11.01 18:55 B C:\IT\paseshtm.bas <-- discod d:/pub paseshtm.bas
2006.11.01 18:55 B C:\IT\pasoshtm.bas <-- discod d:/pub pasoshtm.bas
2006.11.29 16:19 B C:\IT\pasoshtm.exe <-- discod d:/pub pasoshtm.exe
2006.11.29 16:19 B C:\IT\paseshtm.exe <-- discod d:/pub paseshtm.exe
2006.11.29 16:19 B C:\IT\paseshtm.bas <-- discod d:/pub paseshtm.bas
2006.11.29 16:19 B C:\IT\pasoshtm.bas <-- discod d:/pub pasoshtm.bas
2006.11.29 16:34 B C:\IT\pasoshtm.exe <-- discod d:/pub pasoshtm.exe
2006.11.29 16:34 B C:\IT\paseshtm.exe <-- discod d:/pub paseshtm.exe
2006.11.29 16:34 B C:\IT\paseshtm.bas <-- discod d:/pub paseshtm.bas
2006.11.29 16:34 B C:\IT\pasoshtm.bas <-- discod d:/pub pasoshtm.bas
2006.12.24 15:57 B C:\IT\pasoshtm.exe <-- discod d:/pub pasoshtm.exe
2006.12.24 15:57 B C:\IT\pasoshtm.bas <-- discod d:/pub pasoshtm.bas
2006.12.24 16:08 B C:\IT\pasoshtm.exe <-- discod d:/pub pasoshtm.exe
2006.12.24 16:08 B C:\IT\pasoshtm.bas <-- discod d:/pub pasoshtm.bas
2006.12.24 16:08 B C:\IT\paseshtm.exe <-- discod d:/pub paseshtm.exe
2006.12.24 16:08 B C:\IT\paseshtm.bas <-- discod d:/pub paseshtm.bas
2006.12.24 16:09 B C:\IT\pasoshtm.exe <-- discod d:/pub pasoshtm.exe
2006.12.24 16:09 B C:\IT\paseshtm.exe <-- discod d:/pub paseshtm.exe
2006.12.24 16:09 B C:\IT\paseshtm.bas <-- discod d:/pub paseshtm.bas
2006.12.24 16:09 B C:\IT\pasoshtm.bas <-- discod d:/pub pasoshtm.bas
2006.12.24 16:42 B C:\IT\pasoshtm.exe <-- discod d:/pub pasoshtm.exe
2006.12.24 16:42 B C:\IT\pasoshtm.bas <-- discod d:/pub pasoshtm.bas
2006.12.24 16:42 B C:\IT\paseshtm.exe <-- discod d:/pub paseshtm.exe
2006.12.24 16:42 B C:\IT\paseshtm.bas <-- discod d:/pub paseshtm.bas
2006.12.25 12:26 B C:\IT\pasoshtm.exe <-- discod d:/pub pasoshtm.exe
2006.12.25 12:26 B C:\IT\paseshtm.exe <-- discod d:/pub paseshtm.exe
2006.12.25 12:26 B C:\IT\pasoshtm.bas <-- discod d:/pub pasoshtm.bas
2006.12.25 12:26 B C:\IT\paseshtm.bas <-- discod d:/pub paseshtm.bas
2006.12.25 11:43 B C:\IT\pasoshtm.exe <-- discod d:/pub pasoshtm.exe
2006.12.25 11:43 B C:\IT\paseshtm.exe <-- discod d:/pub paseshtm.exe
2006.12.25 11:43 B C:\IT\pasoshtm.bas <-- discod d:/pub pasoshtm.bas
2006.12.25 11:43 B C:\IT\paseshtm.bas <-- discod d:/pub paseshtm.bas
2006.12.25 11:48 B C:\IT\pasoshtm.exe <-- discod d:/pub pasoshtm.exe
2006.12.25 11:48 B C:\IT\pasoshtm.bas <-- discod d:/pub pasoshtm.bas
2006.12.25 11:48 B C:\IT\paseshtm.exe <-- discod d:/pub paseshtm.exe
2006.12.25 11:48 B C:\IT\paseshtm.bas <-- discod d:/pub paseshtm.bas
2006.12.26 03:00 B C:\IT\pasoshtm.exe <-- discod d:/pub pasoshtm.exe
2006.12.26 03:00 B C:\IT\paseshtm.exe <-- discod d:/pub paseshtm.exe
2006.12.26 03:00 B C:\IT\paseshtm.bas <-- discod d:/pub paseshtm.bas
2006.12.26 03:00 B C:\IT\pasoshtm.bas <-- discod d:/pub pasoshtm.bas
2006.12.26 04:17 B C:\IT\pasoshtm.exe <-- discod d:/pub pasoshtm.exe
2006.12.26 04:17 B C:\IT\pasoshtm.bas <-- discod d:/pub pasoshtm.bas
2006.12.26 04:17 B C:\IT\paseshtm.exe <-- discod d:/pub paseshtm.exe
2006.12.26 04:17 B C:\IT\paseshtm.bas <-- discod d:/pub paseshtm.bas
2006.12.26 04:17 B C:\IT\pasoshtm.exe <-- discod d:/pub pasoshtm.exe
2006.12.26 04:17 B C:\IT\pasoshtm.bas <-- discod d:/pub pasoshtm.bas
2006.12.26 04:17 B C:\IT\paseshtm.exe <-- discod d:/pub paseshtm.exe
2006.12.26 04:17 B C:\IT\paseshtm.bas <-- discod d:/pub paseshtm.bas
2006.12.26 04:23 B C:\IT\pasoshtm.exe <-- discod d:/pub pasoshtm.exe
2006.12.26 04:23 B C:\IT\pasoshtm.bas <-- discod d:/pub pasoshtm.bas
2006.12.26 04:23 B C:\IT\paseshtm.exe <-- discod d:/pub paseshtm.exe
2006.12.26 04:23 B C:\IT\paseshtm.bas <-- discod d:/pub paseshtm.bas
2006.12.26 04:26 B C:\IT\paseshtm.exe <-- discod d:/pub paseshtm.exe
2006.12.26 04:26 B C:\IT\pasoshtm.exe <-- discod d:/pub pasoshtm.exe
2006.12.26 04:26 B C:\IT\pasoshtm.bas <-- discod d:/pub pasoshtm.bas
2006.12.26 04:26 B C:\IT\paseshtm.bas <-- discod d:/pub paseshtm.bas
2006.12.26 05:51 B C:\IT\paseshtm.exe <-- discod d:/pub paseshtm.exe
2006.12.26 05:51 B C:\IT\pasoshtm.exe <-- discod d:/pub pasoshtm.exe
2006.12.26 05:51 B C:\IT\pasoshtm.bas <-- discod d:/pub pasoshtm.bas
2006.12.26 05:51 B C:\IT\paseshtm.bas <-- discod d:/pub paseshtm.bas
2006.12.26 05:55 B C:\IT\paseshtm.exe <-- discod d:/pub paseshtm.exe
2006.12.26 05:55 B C:\IT\pasoshtm.exe <-- discod d:/pub pasoshtm.exe
2006.12.26 05:55 B C:\IT\pasoshtm.bas <-- discod d:/pub pasoshtm.bas
2006.12.26 05:55 B C:\IT\paseshtm.bas <-- discod d:/pub paseshtm.bas
2006.12.26 06:48 B C:\IT\pasoshtm.exe <-- discod d:/pub pasoshtm.exe
2006.12.26 06:48 B C:\IT\pasoshtm.bas <-- discod d:/pub pasoshtm.bas
2006.12.26 06:49 B C:\IT\paseshtm.exe <-- discod d:/pub paseshtm.exe
2006.12.26 06:49 B C:\IT\paseshtm.bas <-- discod d:/pub paseshtm.bas
2006.12.26 07:16 B C:\IT\pasoshtm.exe <-- discod d:/pub pasoshtm.exe
2006.12.26 07:16 B C:\IT\pasoshtm.bas <-- discod d:/pub pasoshtm.bas
2006.12.26 07:16 B C:\IT\paseshtm.exe <-- discod d:/pub paseshtm.exe
2006.12.26 07:16 B C:\IT\paseshtm.bas <-- discod d:/pub paseshtm.bas
2006.12.26 07:26 B C:\IT\pasoshtm.exe <-- discod d:/pub pasoshtm.exe
2006.12.26 07:26 B C:\IT\pasoshtm.bas <-- discod d:/pub pasoshtm.bas
2006.12.26 07:26 B C:\IT\paseshtm.exe <-- discod d:/pub paseshtm.exe
2006.12.26 07:26 B C:\IT\paseshtm.bas <-- discod d:/pub paseshtm.bas
2006.12.26 07:31 B C:\IT\pasoshtm.exe <-- discod d:/pub pasoshtm.exe
2006.12.26 07:31 B C:\IT\pasoshtm.bas <-- discod d:/pub pasoshtm.bas
2006.12.26 07:31 B C:\IT\paseshtm.exe <-- discod d:/pub paseshtm.exe
2006.12.26 07:31 B C:\IT\paseshtm.bas <-- discod d:/pub paseshtm.bas
2006.12.26 07:36 B C:\IT\pasoshtm.exe <-- discod d:/pub pasoshtm.exe
2006.12.26 07:37 B C:\IT\pasoshtm.bas <-- discod d:/pub pasoshtm.bas
2006.12.26 07:37 B C:\IT\paseshtm.exe <-- discod d:/pub paseshtm.exe
2006.12.26 07:37 B C:\IT\paseshtm.bas <-- discod d:/pub paseshtm.bas
2006.12.26 07:39 B C:\IT\pasoshtm.exe <-- discod d:/pub pasoshtm.exe
2006.12.26 07:39 B C:\IT\pasoshtm.bas <-- discod d:/pub pasoshtm.bas
2006.12.26 07:39 B C:\IT\paseshtm.exe <-- discod d:/pub paseshtm.exe
2006.12.26 07:39 B C:\IT\paseshtm.bas <-- discod d:/pub paseshtm.bas
2006.12.26 09:11 B C:\IT\paseshtm.exe <-- discod d:/pub paseshtm.exe
2006.12.26 09:11 B C:\IT\pasoshtm.exe <-- discod d:/pub pasoshtm.exe
2006.12.26 09:11 B C:\IT\pasoshtm.bas <-- discod d:/pub pasoshtm.bas
2006.12.26 09:11 B C:\IT\paseshtm.bas <-- discod d:/pub paseshtm.bas
2006.12.26 09:19 B C:\IT\pasoshtm.exe <-- discod d:/pub pasoshtm.exe
2006.12.26 09:19 B C:\IT\pasoshtm.bas <-- discod d:/pub pasoshtm.bas
2006.12.26 09:19 B C:\IT\paseshtm.exe <-- discod d:/pub paseshtm.exe
2006.12.26 09:19 B C:\IT\paseshtm.bas <-- discod d:/pub paseshtm.bas
2006.12.26 10:42 B C:\IT\paseshtm.exe <-- discod d:/pub paseshtm.exe
2006.12.26 10:42 B C:\IT\pasoshtm.exe <-- discod d:/pub pasoshtm.exe
2006.12.26 10:42 B C:\IT\pasoshtm.bas <-- discod d:/pub pasoshtm.bas
2006.12.26 10:42 B C:\IT\paseshtm.bas <-- discod d:/pub paseshtm.bas
2006.12.26 10:45 B C:\IT\pasoshtm.exe <-- discod d:/pub pasoshtm.exe
2006.12.26 10:45 B C:\IT\pasoshtm.bas <-- discod d:/pub pasoshtm.bas
2006.12.26 10:45 B C:\IT\paseshtm.exe <-- discod d:/pub paseshtm.exe
2006.12.26 10:45 B C:\IT\paseshtm.bas <-- discod d:/pub paseshtm.bas
2006.12.26 10:51 B C:\IT\paseshtm.exe <-- discod d:/pub paseshtm.exe
2006.12.26 10:51 B C:\IT\pasoshtm.exe <-- discod d:/pub pasoshtm.exe
2006.12.26 10:51 B C:\IT\pasoshtm.bas <-- discod d:/pub pasoshtm.bas
2006.12.26 10:51 B C:\IT\paseshtm.bas <-- discod d:/pub paseshtm.bas
2006.12.26 10:51 B C:\IT\paseshtm.exe <-- discod d:/pub paseshtm.exe
2006.12.26 10:51 B C:\IT\pasoshtm.exe <-- discod d:/pub pasoshtm.exe
2006.12.26 10:51 B C:\IT\pasoshtm.bas <-- discod d:/pub pasoshtm.bas
2006.12.26 10:51 B C:\IT\paseshtm.bas <-- discod d:/pub paseshtm.bas
2006.12.26 12:14 B C:\IT\pasoshtm.exe <-- discod d:/pub pasoshtm.exe
2006.12.26 12:14 B C:\IT\pasoshtm.bas <-- discod d:/pub pasoshtm.bas
2006.12.26 12:14 B C:\IT\paseshtm.exe <-- discod d:/pub paseshtm.exe
2006.12.26 12:14 B C:\IT\paseshtm.bas <-- discod d:/pub paseshtm.bas
2006.12.26 12:17 B C:\IT\paseshtm.exe <-- discod d:/pub paseshtm.exe
2006.12.26 12:17 B C:\IT\pasoshtm.exe <-- discod d:/pub pasoshtm.exe
2006.12.26 12:17 B C:\IT\pasoshtm.bas <-- discod d:/pub pasoshtm.bas
2006.12.26 12:17 B C:\IT\paseshtm.bas <-- discod d:/pub paseshtm.bas
2007.01.06 18:28 B C:\IT\pasoshtm.exe <-- discod d:/pub pasoshtm.exe
2007.01.06 18:28 B C:\IT\pasoshtm.bas <-- discod d:/pub pasoshtm.bas
2007.01.06 18:30 B C:\IT\pasoshtm.exe <-- discod d:/pub pasoshtm.exe
2007.01.06 18:30 B C:\IT\pasoshtm.bas <-- discod d:/pub pasoshtm.bas
2007.01.06 18:30 B C:\IT\pasoshtm.exe <-- discod d:/pub pasoshtm.exe
2007.01.06 18:30 B C:\IT\pasoshtm.bas <-- discod d:/pub pasoshtm.bas
2007.01.06 18:35 B C:\IT\pasoshtm.exe <-- discod d:/pub pasoshtm.exe
2007.01.06 18:35 B C:\IT\pasoshtm.bas <-- discod d:/pub pasoshtm.bas
2007.01.06 18:42 B C:\IT\pasoshtm.exe <-- discod d:/pub pasoshtm.exe
2007.01.06 18:42 B C:\IT\pasoshtm.bas <-- discod d:/pub pasoshtm.bas
2007.01.06 18:48 B C:\IT\pasoshtm.exe <-- discod d:/pub pasoshtm.exe
2007.01.06 18:48 B C:\IT\pasoshtm.bas <-- discod d:/pub pasoshtm.bas
2007.01.06 18:55 B C:\IT\pasoshtm.exe <-- discod d:/pub pasoshtm.exe
2007.01.06 18:55 B C:\IT\pasoshtm.bas <-- discod d:/pub pasoshtm.bas
2007.01.06 19:12 B C:\IT\pasoshtm.exe <-- discod d:/pub pasoshtm.exe
2007.01.06 19:12 B C:\IT\pasoshtm.bas <-- discod d:/pub pasoshtm.bas
2007.01.06 19:19 B C:\IT\pasoshtm.exe <-- discod d:/pub pasoshtm.exe
2007.01.06 19:19 B C:\IT\pasoshtm.bas <-- discod d:/pub pasoshtm.bas
2007.01.06 19:29 B C:\IT\pasoshtm.exe <-- discod d:/pub pasoshtm.exe
2007.01.06 19:29 B C:\IT\pasoshtm.bas <-- discod d:/pub pasoshtm.bas
2007.01.06 19:34 B C:\IT\pasoshtm.exe <-- discod d:/pub pasoshtm.exe
2007.01.06 19:34 B C:\IT\pasoshtm.bas <-- discod d:/pub pasoshtm.bas
2007.01.06 19:42 B C:\IT\pasoshtm.exe <-- discod d:/pub pasoshtm.exe
2007.01.06 19:42 B C:\IT\pasoshtm.bas <-- discod d:/pub pasoshtm.bas
2007.01.06 19:50 B C:\IT\pasoshtm.exe <-- discod d:/pub pasoshtm.exe
2007.01.06 19:50 B C:\IT\pasoshtm.bas <-- discod d:/pub pasoshtm.bas
2007.01.06 19:50 B C:\IT\paseshtm.exe <-- discod d:/pub paseshtm.exe
2007.01.06 19:50 B C:\IT\paseshtm.bas <-- discod d:/pub paseshtm.bas
2007.01.11 10:59 B C:\IT\pasoshtm.exe <-- discod d:/pub pasoshtm.exe
2007.01.11 10:59 B C:\IT\paseshtm.exe <-- discod d:/pub paseshtm.exe
2007.01.11 10:59 B C:\IT\pasoshtm.bas <-- discod d:/pub pasoshtm.bas
2007.01.11 10:59 B C:\IT\paseshtm.bas <-- discod d:/pub paseshtm.bas
2007.01.11 11:05 B C:\IT\pasoshtm.exe <-- discod d:/pub pasoshtm.exe
2007.01.11 11:05 B C:\IT\pasoshtm.bas <-- discod d:/pub pasoshtm.bas
2007.01.11 11:05 B C:\IT\paseshtm.exe <-- discod d:/pub paseshtm.exe
2007.01.11 11:05 B C:\IT\paseshtm.bas <-- discod d:/pub paseshtm.bas
2007.01.11 11:17 B C:\IT\pasoshtm.exe <-- discod d:/pub pasoshtm.exe
2007.01.11 11:17 B C:\IT\paseshtm.exe <-- discod d:/pub paseshtm.exe
2007.01.11 11:17 B C:\IT\paseshtm.bas <-- discod d:/pub paseshtm.bas
2007.01.11 11:17 B C:\IT\pasoshtm.bas <-- discod d:/pub pasoshtm.bas
2007.01.11 11:46 B C:\IT\pasoshtm.exe <-- discod d:/pub pasoshtm.exe
2007.01.11 11:46 B C:\IT\paseshtm.exe <-- discod d:/pub paseshtm.exe
2007.01.11 11:46 B C:\IT\paseshtm.bas <-- discod d:/pub paseshtm.bas
2007.01.11 11:46 B C:\IT\pasoshtm.bas <-- discod d:/pub pasoshtm.bas
2007.01.11 11:47 B C:\IT\pasoshtm.exe <-- discod d:/pub pasoshtm.exe
2007.01.11 11:47 B C:\IT\paseshtm.exe <-- discod d:/pub paseshtm.exe
2007.01.11 11:47 B C:\IT\pasoshtm.bas <-- discod d:/pub pasoshtm.bas
2007.01.11 11:47 B C:\IT\paseshtm.bas <-- discod d:/pub paseshtm.bas
2007.01.11 23:47 B C:\IT\nasa2ams.exe <-- discod d:/pub nasa2ams.exe
2007.01.13 13:47 B C:\IT\pasoshtm.exe <-- discod d:/pub pasoshtm.exe
2007.01.13 13:47 B C:\IT\pasoshtm.bas <-- discod d:/pub pasoshtm.bas
2007.01.13 13:47 B C:\IT\paseshtm.exe <-- discod d:/pub paseshtm.exe
2007.01.13 13:47 B C:\IT\paseshtm.bas <-- discod d:/pub paseshtm.bas
2007.01.13 13:47 B C:\IT\pasoshtm.exe <-- discod d:/pub pasoshtm.exe
2007.01.13 13:47 B C:\IT\pasoshtm.bas <-- discod d:/pub pasoshtm.bas
2007.01.13 13:47 B C:\IT\paseshtm.exe <-- discod d:/pub paseshtm.exe
2007.01.13 13:47 B C:\IT\paseshtm.bas <-- discod d:/pub paseshtm.bas
2007.01.13 20:10 B C:\IT\pasoshtm.exe <-- discod d:/pub pasoshtm.exe
2007.01.13 20:10 B C:\IT\pasoshtm.bas <-- discod d:/pub pasoshtm.bas
2007.01.13 20:10 B C:\IT\paseshtm.exe <-- discod d:/pub paseshtm.exe
2007.01.13 20:10 B C:\IT\paseshtm.bas <-- discod d:/pub paseshtm.bas
2007.01.13 20:14 B C:\IT\pasoshtm.exe <-- discod d:/pub pasoshtm.exe
2007.01.13 20:14 B C:\IT\pasoshtm.bas <-- discod d:/pub pasoshtm.bas
2007.01.13 20:14 B C:\IT\paseshtm.exe <-- discod d:/pub paseshtm.exe
2007.01.13 20:14 B C:\IT\paseshtm.bas <-- discod d:/pub paseshtm.bas
2007.01.14 10:40 B C:\IT\pasoshtm.exe <-- discod d:/pub pasoshtm.exe
2007.01.14 10:40 B C:\IT\pasoshtm.bas <-- discod d:/pub pasoshtm.bas
2007.01.14 10:40 B C:\IT\paseshtm.exe <-- discod d:/pub paseshtm.exe
2007.01.14 10:40 B C:\IT\paseshtm.bas <-- discod d:/pub paseshtm.bas
2007.01.14 10:36 B C:\IT\pasoshtm.exe <-- discod d:/pub pasoshtm.exe
2007.01.14 10:36 B C:\IT\pasoshtm.bas <-- discod d:/pub pasoshtm.bas
2007.01.14 10:36 B C:\IT\paseshtm.exe <-- discod d:/pub paseshtm.exe
2007.01.14 10:36 B C:\IT\paseshtm.bas <-- discod d:/pub paseshtm.bas
2007.01.14 10:04 B C:\IT\pasoshtm.exe <-- discod d:/pub pasoshtm.exe
2007.01.14 10:04 B C:\IT\pasoshtm.bas <-- discod d:/pub pasoshtm.bas
2007.01.14 10:04 B C:\IT\paseshtm.exe <-- discod d:/pub paseshtm.exe
2007.01.14 10:04 B C:\IT\paseshtm.bas <-- discod d:/pub paseshtm.bas
2007.01.14 10:06 B C:\IT\pasoshtm.exe <-- discod d:/pub pasoshtm.exe
2007.01.14 10:06 B C:\IT\pasoshtm.bas <-- discod d:/pub pasoshtm.bas
2007.01.14 10:06 B C:\IT\paseshtm.exe <-- discod d:/pub paseshtm.exe
2007.01.14 10:06 B C:\IT\paseshtm.bas <-- discod d:/pub paseshtm.bas
2007.01.14 10:12 B C:\IT\pasoshtm.exe <-- discod d:/pub pasoshtm.exe
2007.01.14 10:12 B C:\IT\pasoshtm.bas <-- discod d:/pub pasoshtm.bas
2007.01.14 10:12 B C:\IT\paseshtm.exe <-- discod d:/pub paseshtm.exe
2007.01.14 10:12 B C:\IT\paseshtm.bas <-- discod d:/pub paseshtm.bas
2007.01.14 10:02 B C:\IT\pasoshtm.exe <-- discod d:/pub pasoshtm.exe
2007.01.14 10:02 B C:\IT\pasoshtm.bas <-- discod d:/pub pasoshtm.bas
2007.01.14 10:02 B C:\IT\paseshtm.exe <-- discod d:/pub paseshtm.exe
2007.01.14 10:03 B C:\IT\paseshtm.bas <-- discod d:/pub paseshtm.bas
2007.01.14 10:07 B C:\IT\pasoshtm.exe <-- discod d:/pub pasoshtm.exe
2007.01.14 10:07 B C:\IT\paseshtm.exe <-- discod d:/pub paseshtm.exe
2007.01.14 10:07 B C:\IT\pasoshtm.bas <-- discod d:/pub pasoshtm.bas
2007.01.14 10:07 B C:\IT\paseshtm.bas <-- discod d:/pub paseshtm.bas
2007.01.14 10:07 B C:\IT\pasoshtm.exe <-- discod d:/pub pasoshtm.exe
2007.01.14 10:07 B C:\IT\paseshtm.exe <-- discod d:/pub paseshtm.exe
2007.01.14 10:07 B C:\IT\pasoshtm.bas <-- discod d:/pub pasoshtm.bas
2007.01.14 10:07 B C:\IT\paseshtm.bas <-- discod d:/pub paseshtm.bas
2007.01.14 10:02 B C:\IT\pasoshtm.exe <-- discod d:/pub pasoshtm.exe
2007.01.14 10:02 B C:\IT\paseshtm.exe <-- discod d:/pub paseshtm.exe
2007.01.14 10:02 B C:\IT\pasoshtm.bas <-- discod d:/pub pasoshtm.bas
2007.01.14 10:02 B C:\IT\paseshtm.bas <-- discod d:/pub paseshtm.bas
2007.01.14 10:03 B C:\IT\pasoshtm.exe <-- discod d:/pub pasoshtm.exe
2007.01.14 10:03 B C:\IT\paseshtm.exe <-- discod d:/pub paseshtm.exe
2007.01.14 10:03 B C:\IT\pasoshtm.bas <-- discod d:/pub pasoshtm.bas
2007.01.14 10:03 B C:\IT\paseshtm.bas <-- discod d:/pub paseshtm.bas
2007.01.14 10:02 B C:\IT\pasoshtm.exe <-- discod d:/pub pasoshtm.exe
2007.01.14 10:02 B C:\IT\paseshtm.exe <-- discod d:/pub paseshtm.exe
2007.01.14 10:02 B C:\IT\pasoshtm.bas <-- discod d:/pub pasoshtm.bas
2007.01.14 10:02 B C:\IT\paseshtm.bas <-- discod d:/pub paseshtm.bas
2007.01.14 10:03 B C:\IT\pasoshtm.exe <-- discod d:/pub pasoshtm.exe
2007.01.14 10:03 B C:\IT\paseshtm.exe <-- discod d:/pub paseshtm.exe
2007.01.14 10:03 B C:\IT\paseshtm.bas <-- discod d:/pub paseshtm.bas
2007.01.14 10:03 B C:\IT\pasoshtm.bas <-- discod d:/pub pasoshtm.bas
2007.01.14 11:54 B C:\IT\pasoshtm.exe <-- discod d:/pub pasoshtm.exe
2007.01.14 11:54 B C:\IT\pasoshtm.bas <-- discod d:/pub pasoshtm.bas
2007.01.14 11:54 B C:\IT\paseshtm.exe <-- discod d:/pub paseshtm.exe
2007.01.14 11:54 B C:\IT\paseshtm.bas <-- discod d:/pub paseshtm.bas
2007.01.23 01:22 B C:\IT\pasoshtm.exe <-- discod d:/pub pasoshtm.exe
2007.01.23 01:22 B C:\IT\pasoshtm.bas <-- discod d:/pub pasoshtm.bas
2007.01.23 01:22 B C:\IT\paseshtm.exe <-- discod d:/pub paseshtm.exe
2007.01.23 01:22 B C:\IT\paseshtm.bas <-- discod d:/pub paseshtm.bas
2007.01.23 07:18 B C:\IT\pasoshtm.exe <-- discod d:/pub pasoshtm.exe
2007.01.23 07:18 B C:\IT\paseshtm.exe <-- discod d:/pub paseshtm.exe
2007.01.23 07:18 B C:\IT\paseshtm.bas <-- discod d:/pub paseshtm.bas
2007.01.23 07:18 B C:\IT\pasoshtm.bas <-- discod d:/pub pasoshtm.bas
2007.01.24 17:11 B C:\IT\pasoshtm.exe <-- discod d:/pub pasoshtm.exe
2007.01.24 17:11 B C:\IT\pasoshtm.bas <-- discod d:/pub pasoshtm.bas
2007.01.24 17:11 B C:\IT\paseshtm.exe <-- discod d:/pub paseshtm.exe
2007.01.24 17:11 B C:\IT\paseshtm.bas <-- discod d:/pub paseshtm.bas
2007.01.24 17:15 B C:\IT\pasoshtm.exe <-- discod d:/pub pasoshtm.exe
2007.01.24 17:15 B C:\IT\pasoshtm.bas <-- discod d:/pub pasoshtm.bas
2007.01.24 17:19 B C:\IT\pasoshtm.exe <-- discod d:/pub pasoshtm.exe
2007.01.24 17:19 B C:\IT\pasoshtm.bas <-- discod d:/pub pasoshtm.bas
2007.01.24 17:22 B C:\IT\pasoshtm.exe <-- discod d:/pub pasoshtm.exe
2007.01.24 17:22 B C:\IT\pasoshtm.bas <-- discod d:/pub pasoshtm.bas
2007.01.24 17:27 B C:\IT\pasoshtm.exe <-- discod d:/pub pasoshtm.exe
2007.01.24 17:27 B C:\IT\pasoshtm.bas <-- discod d:/pub pasoshtm.bas
2007.01.24 17:33 B C:\IT\pasoshtm.exe <-- discod d:/pub pasoshtm.exe
2007.01.24 17:33 B C:\IT\pasoshtm.bas <-- discod d:/pub pasoshtm.bas
2007.01.24 17:33 B C:\IT\paseshtm.exe <-- discod d:/pub paseshtm.exe
2007.01.24 17:33 B C:\IT\paseshtm.bas <-- discod d:/pub paseshtm.bas
2007.01.27 01:39 B C:\IT\pasoshtm.exe <-- discod d:/pub pasoshtm.exe
2007.01.27 01:40 B C:\IT\pasoshtm.bas <-- discod d:/pub pasoshtm.bas
2007.01.27 01:44 B C:\IT\paseshtm.exe <-- discod d:/pub paseshtm.exe
2007.01.27 01:45 B C:\IT\paseshtm.bas <-- discod d:/pub paseshtm.bas
2007.02.08 13:03 B C:\IT\pasoshtm.exe <-- discod d:/pub pasoshtm.exe
2007.02.08 13:03 B C:\IT\paseshtm.exe <-- discod d:/pub paseshtm.exe
2007.02.08 13:03 B C:\IT\pasoshtm.bas <-- discod d:/pub pasoshtm.bas
2007.02.08 13:03 B C:\IT\paseshtm.bas <-- discod d:/pub paseshtm.bas
2007.02.09 04:36 B C:\IT\paseshtm.exe <-- discod d:/pub paseshtm.exe
2007.02.09 04:36 B C:\IT\pasoshtm.exe <-- discod d:/pub pasoshtm.exe
2007.02.09 04:36 B C:\IT\pasoshtm.bas <-- discod d:/pub pasoshtm.bas
2007.02.09 04:36 B C:\IT\paseshtm.bas <-- discod d:/pub paseshtm.bas
2007.06.14 02:57 B C:\IT\paseshtm.exe <-- discod d:/pub paseshtm.exe
2007.06.14 02:57 B C:\IT\pasoshtm.exe <-- discod d:/pub pasoshtm.exe
2007.06.14 02:57 B C:\IT\pasoshtm.bas <-- discod d:/pub pasoshtm.bas
2007.06.14 02:57 B C:\IT\paseshtm.bas <-- discod d:/pub paseshtm.bas
2007.08.19 03:14 B C:\IT\paseshtm.exe <-- discod d:/pub paseshtm.exe
2007.08.19 03:14 B C:\IT\pasoshtm.exe <-- discod d:/pub pasoshtm.exe
2007.08.19 03:14 B C:\IT\pasoshtm.bas <-- discod d:/pub pasoshtm.bas
2007.08.19 03:14 B C:\IT\paseshtm.bas <-- discod d:/pub paseshtm.bas
2007.08.20 20:48 B C:\IT\noticias.txt --> 69.0.194.11 /www/text noticias.txt
2007.08.20 21:19 B C:\IT\noticias.txt --> 69.0.194.11 /www/text noticias.txt
2007.08.20 21:43 B C:\IT\noticias.txt --> 69.0.194.11 /www/text noticias.txt
2007.08.20 21:43 B C:\IT\noticias.txt --> 69.0.194.11 /www/text noticias.txt
2007.09.05 13:57 B C:\IT\pasoshtm.exe <-- discod d:/pub pasoshtm.exe
2007.09.05 13:57 B C:\IT\paseshtm.exe <-- discod d:/pub paseshtm.exe
2007.09.05 13:58 B C:\IT\paseshtm.bas <-- discod d:/pub paseshtm.bas
2007.09.05 13:58 B C:\IT\pasoshtm.bas <-- discod d:/pub pasoshtm.bas
2007.09.07 10:33 B C:\IT\pasoshtm.exe <-- discod d:/pub pasoshtm.exe
2007.09.07 10:33 B C:\IT\pasoshtm.bas <-- discod d:/pub pasoshtm.bas
2007.09.07 10:36 B C:\IT\pasoshtm.exe <-- discod d:/pub pasoshtm.exe
2007.09.07 10:36 B C:\IT\pasoshtm.bas <-- discod d:/pub pasoshtm.bas
2007.09.07 10:42 B C:\IT\pasoshtm.exe <-- discod d:/pub pasoshtm.exe
2007.09.07 10:42 B C:\IT\pasoshtm.bas <-- discod d:/pub pasoshtm.bas
2007.09.07 10:42 B C:\IT\paseshtm.exe <-- discod d:/pub paseshtm.exe
2007.09.07 10:42 B C:\IT\paseshtm.bas <-- discod d:/pub paseshtm.bas
2007.09.11 16:22 B C:\IT\pasoshtm.exe <-- discod d:/pub pasoshtm.exe
2007.09.11 16:22 B C:\IT\pasoshtm.bas <-- discod d:/pub pasoshtm.bas
2007.09.11 16:32 B C:\IT\pasoshtm.exe <-- discod d:/pub pasoshtm.exe
2007.09.11 16:32 B C:\IT\pasoshtm.bas <-- discod d:/pub pasoshtm.bas
2012.02.11 13:07 B C:\IT\ftp.exe --> 200.10.202.8 /amsat.org.ar ftp.exe
2019.01.08 10:26 B C:\IT\kepsupdate.bat <-- lu7aa / kepsupdate.bat
2019.05.24 00:54 B C:\IT\PASOSBA.HTM --> 200.10.202.8 /var/www/amsat/amsat.org.ar PASOSBA.HTM
2023.02.01 22:55 B C:\IT\certlusat33.htm <-- tucuroot / certlusat33.htm
2024.02.18 01:18 B C:\IT\IT.ORB <-- lu7aa / IT.ORB
2024.02.18 14:50 B C:\IT\IT.ORB <-- lu7aa / IT.ORB
2024.02.18 14:59 B C:\IT\IT.ORB <-- lu7aa / IT.ORB
2024.02.18 15:49 B C:\IT\IT.ORB <-- lu7aa / IT.ORB
2024.02.18 15:53 B C:\IT\IT.ORB <-- lu7aa / IT.ORB
2024.02.18 16:26 B C:\IT\IT.ORB <-- lu7aa / IT.ORB
2024.02.18 16:51 B C:\IT\IT.ORB <-- lu7aa / IT.ORB
2024.02.18 19:35 B C:\IT\IT.ORB <-- lu7aa / IT.ORB
2024.02.18 19:41 B C:\IT\IT.ORB <-- lu7aa / IT.ORB
2024.02.18 19:55 B C:\IT\IT.ORB <-- lu7aa / IT.ORB
2024.02.18 20:41 B C:\IT\IT.ORB <-- lu7aa / IT.ORB
2024.02.18 22:36 B C:\IT\IT.ORB <-- lu7aa / IT.ORB
2024.02.19 23:07 B C:\IT\IT.ORB <-- lu7aa / IT.ORB
2024.02.20 14:09 B C:\IT\IT.ORB <-- lu7aa / IT.ORB
2024.02.20 14:25 B C:\IT\IT.ORB <-- lu7aa / IT.ORB
2024.02.20 17:16 A C:\IT\IT.ORB <-- lu7aa / IT.ORB
2024.02.20 20:30 B C:\IT\IT.ORB <-- lu7aa / IT.ORB
2024.02.21 11:27 B C:\IT\IT.ORB <-- lu7aa / IT.ORB
2024.02.21 11:50 B C:\IT\IT.ORB <-- lu7aa / IT.ORB
2024.02.21 11:50 B C:\IT\ITORB.BAK <-- lu7aa / ITORB.BAK
2024.02.21 12:15 B C:\IT\ITORB.BAK <-- lu7aa / ITORB.BAK
2024.02.21 12:15 B C:\IT\IT.ORB <-- lu7aa / IT.ORB
2024.02.21 16:17 B C:\IT\ITORB.BAK <-- lu7aa / ITORB.BAK
2024.02.21 16:17 B C:\IT\IT.ORB <-- lu7aa / IT.ORB
